#C
97
#T
C1
A0
1B
C6
48
BE
DF
77
#C
7B
#T
DD
4E
24
58
DD
36
76
45
#C
6C
#T
68
42
11
EA
13
E5
30
0D
#C
B7
#T
93
B4
F0
5C
E9
D9
D3
C6
#C
4F
#T
5F
E6
98
82
00
D9
68
93
#C
A3
#T
6D
C8
F0
97
79
7D
BC
9A
#C
94
#T
0D
0F
84
88
66
29
80
5E
#C
B4
#T
BE
97
03
31
0B
30
1B
28
#C
92
#T
04
74
FD
8D
E5
04
D8
DD
#C
BD
#T
73
31
E7
91
7B
D5
40
95
#C
75
#T
42
A8
32
7F
48
55
E7
00
#C
66
#T
1A
13
ED
8E
55
98
3C
06
#C
01
#T
4E
D1
5B
A6
1A
56
56
4D
#C
46
#T
BB
51
BF
F0
55
39
A5
B7
#C
87
#T
74
E7
D6
D2
15
0F
D7
C9
#C
EC
#T
29
15
A0
2B
38
CD
20
79
#C
97
01
#T
02
53
0F
78
C1
EE
16
47
#C
7B
F0
#T
AD
AE
DD
EF
13
75
D7
34
#C
6C
B2
#T
92
BB
FF
01
71
EC
00
C3
#C
B7
32
#T
1D
89
B7
72
6A
CD
A3
7C
#C
4F
2E
#T
45
4F
B3
B9
A4
EB
8F
6E
#C
A3
2F
#T
CC
A7
4F
41
5E
21
E3
1E
#C
94
B7
#T
A6
F4
59
DF
FD
A7
CB
1A
#C
B4
B4
#T
1D
7F
66
49
E1
DB
C1
03
#C
92
3B
#T
AF
F3
77
C5
17
57
E1
3D
#C
BD
5B
#T
49
04
6C
6E
B5
01
21
0C
#C
75
5D
#T
A6
EE
8F
86
6C
8E
AB
A7
#C
66
5C
#T
A9
89
68
8E
DE
EE
A1
E2
#C
01
3E
#T
93
87
8A
DF
40
20
5C
CF
#C
46
0D
#T
A3
0F
3B
66
63
DE
48
07
#C
87
C0
#T
C9
80
01
E2
AA
8A
18
70
#C
EC
53
#T
32
42
FD
03
00
E2
82
0B
#C
97
01
29
#T
E9
BF
57
BC
3A
A8
E1
94
#C
7B
F0
1B
#T
3B
46
34
07
73
53
AB
84
#C
6C
B2
57
#T
FA
EB
DA
3C
1F
08
BE
B6
#C
B7
32
72
#T
A4
A2
2A
64
C9
FE
4F
24
#C
4F
2E
C7
#T
26
82
FD
92
F2
3C
3D
B3
#C
A3
2F
25
#T
9D
83
50
BB
96
6A
F4
09
#C
94
B7
8F
#T
B3
A3
09
62
19
1A
F7
55
#C
B4
B4
34
#T
6E
0C
18
36
B0
92
F8
69
#C
92
3B
2A
#T
3E
54
8D
ED
FA
27
C0
37
#C
BD
5B
F3
#T
DE
F8
57
4C
97
46
14
FE
#C
75
5D
2F
#T
DD
E4
6A
A3
3C
E2
40
33
#C
66
5C
39
#T
3C
35
2B
77
59
79
3A
B7
#C
01
3E
8F
#T
D5
9E
0D
EA
3A
24
70
37
#C
46
0D
79
#T
06
10
2F
A9
C6
3D
6F
CB
#C
87
C0
9C
#T
76
B1
44
14
12
85
BF
89
#C
EC
53
00
#T
F3
C2
8D
E9
0B
B0
6C
54
#C
97
01
29
3E
#T
CA
E7
A8
D7
07
08
09
14
#C
7B
F0
1B
D2
#T
B8
FC
C2
64
84
4F
4F
72
#C
6C
B2
57
75
#T
A4
93
97
1F
F5
4D
3E
E5
#C
B7
32
72
2B
#T
30
0A
43
D5
2A
E2
1F
53
#C
4F
2E
C7
38
#T
67
01
DF
34
B9
65
04
74
#C
A3
2F
25
1E
#T
40
98
F4
29
D0
CF
A4
4F
#C
94
B7
8F
F5
#T
8C
F3
C0
FD
5A
40
B5
12
#C
B4
B4
34
C0
#T
BC
39
37
C7
37
C8
25
DB
#C
92
3B
2A
8A
#T
3E
EE
6C
4C
49
08
B0
9F
#C
BD
5B
F3
9E
#T
2F
D2
87
D2
D2
9D
DC
8F
#C
75
5D
2F
CE
#T
12
5F
82
A2
33
5C
62
D3
#C
66
5C
39
06
#T
8B
28
42
20
5F
D2
AD
B8
#C
01
3E
8F
69
#T
88
B2
3D
23
D1
C2
CF
85
#C
46
0D
79
9D
#T
51
3A
99
3D
5E
CC
DD
85
#C
87
C0
9C
A8
#T
1B
F8
79
59
7B
CE
83
0F
#C
EC
53
00
95
#T
CE
25
02
03
E7
1C
43
48
#C
97
01
29
3E
E6
#T
E2
7E
F9
A1
E1
E1
1B
FF
#C
7B
F0
1B
D2
0A
#T
67
D1
33
27
76
4F
DD
43
#C
6C
B2
57
75
D9
#T
75
B3
B9
A6
AE
92
84
8F
#C
B7
32
72
2B
51
#T
C7
0E
86
E0
76
E2
AD
3B
#C
4F
2E
C7
38
A0
#T
62
E0
8A
E1
F8
FE
92
32
#C
A3
2F
25
1E
11
#T
15
E2
4D
90
77
55
99
1F
#C
94
B7
8F
F5
D3
#T
78
7A
76
34
6A
89
DD
26
#C
B4
B4
34
C0
3E
#T
8B
89
B9
8E
DE
97
9C
F9
#C
92
3B
2A
8A
1A
#T
13
99
5E
97
91
44
7C
24
#C
BD
5B
F3
9E
AF
#T
A6
44
4B
E6
84
62
D3
42
#C
75
5D
2F
CE
A3
#T
EC
C1
3E
51
B3
62
2D
F3
#C
66
5C
39
06
EE
#T
84
EF
8E
46
E4
DA
84
77
#C
01
3E
8F
69
4E
#T
41
F2
0E
78
CB
9E
F8
0C
#C
46
0D
79
9D
33
#T
B0
5E
E7
E5
0F
73
12
55
#C
87
C0
9C
A8
37
#T
9C
73
E1
4C
6B
1C
5C
1B
#C
EC
53
00
95
90
#T
8E
F7
07
78
54
A4
EF
3B
#C
97
01
29
3E
E6
DF
#T
69
01
57
EC
54
49
E0
CE
#C
7B
F0
1B
D2
0A
77
#T
C8
37
8B
B9
6E
53
29
8D
#C
6C
B2
57
75
D9
B8
#T
85
1E
E2
57
34
F7
67
53
#C
B7
32
72
2B
51
0A
#T
3C
F5
7A
06
FD
2D
5F
A7
#C
4F
2E
C7
38
A0
EB
#T
CB
9D
59
E1
EF
3F
26
79
#C
A3
2F
25
1E
11
AC
#T
B3
88
B6
50
AC
35
01
F9
#C
94
B7
8F
F5
D3
91
#T
42
65
35
1C
AF
44
D9
C6
#C
B4
B4
34
C0
3E
CB
#T
1C
91
63
59
BC
82
7A
1E
#C
92
3B
2A
8A
1A
68
#T
6D
05
58
23
6D
8E
7D
81
#C
BD
5B
F3
9E
AF
EC
#T
2B
54
5E
83
26
D3
22
BB
#C
75
5D
2F
CE
A3
98
#T
33
7C
BC
61
61
65
13
06
#C
66
5C
39
06
EE
52
#T
82
AE
EB
12
38
C9
75
82
#C
01
3E
8F
69
4E
22
#T
FB
F5
54
00
D0
EE
F7
0F
#C
46
0D
79
9D
33
78
#T
B6
A5
24
58
45
D2
81
68
#C
87
C0
9C
A8
37
45
#T
FF
83
A9
E2
3F
A6
36
95
#C
EC
53
00
95
90
CF
#T
0E
11
2B
0C
5F
1E
F6
F3
#C
97
01
29
3E
E6
DF
39
#T
D7
31
2C
26
F6
3C
BE
11
#C
7B
F0
1B
D2
0A
77
1C
#T
9D
5B
32
71
CC
E1
74
FB
#C
6C
B2
57
75
D9
B8
DF
#T
4C
C5
98
D8
9D
94
64
55
#C
B7
32
72
2B
51
0A
2E
#T
0C
3C
DF
9F
C3
C7
43
42
#C
4F
2E
C7
38
A0
EB
4E
#T
BB
EC
82
FE
73
67
DB
98
#C
A3
2F
25
1E
11
AC
31
#T
E5
88
37
DF
66
EF
93
82
#C
94
B7
8F
F5
D3
91
C2
#T
EE
9B
88
54
FB
5B
81
3A
#C
B4
B4
34
C0
3E
CB
B1
#T
A1
28
6F
FE
AD
2B
10
FE
#C
92
3B
2A
8A
1A
68
E2
#T
8A
54
F8
64
DA
96
05
BC
#C
BD
5B
F3
9E
AF
EC
9C
#T
3B
14
10
75
CD
10
6C
7C
#C
75
5D
2F
CE
A3
98
64
#T
15
76
3A
38
69
4B
37
78
#C
66
5C
39
06
EE
52
0A
#T
BE
12
32
E4
E0
29
20
FE
#C
01
3E
8F
69
4E
22
13
#T
18
9A
FF
6B
B7
BD
C3
0F
#C
46
0D
79
9D
33
78
72
#T
AD
3F
57
08
64
1E
59
A4
#C
87
C0
9C
A8
37
45
2B
#T
D2
9E
D5
6A
57
70
60
46
#C
EC
53
00
95
90
CF
B0
#T
17
1C
BA
F4
1A
88
A7
4B
#C
97
01
29
3E
E6
DF
39
97
#T
AB
FC
0D
BD
70
01
74
4B
#C
7B
F0
1B
D2
0A
77
1C
A9
#T
99
51
B2
22
4C
C2
12
11
#C
6C
B2
57
75
D9
B8
DF
4C
#T
B0
8C
77
CC
DD
59
D2
B9
#C
B7
32
72
2B
51
0A
2E
E3
#T
E8
A9
F5
D8
B5
F6
6A
DB
#C
4F
2E
C7
38
A0
EB
4E
66
#T
43
72
76
F9
73
2C
B2
CF
#C
A3
2F
25
1E
11
AC
31
FA
#T
1B
7D
64
D2
5D
85
2D
72
#C
94
B7
8F
F5
D3
91
C2
F8
#T
B9
67
F8
E9
BC
FD
15
1F
#C
B4
B4
34
C0
3E
CB
B1
1D
#T
9E
7A
97
F1
AC
71
72
E7
#C
92
3B
2A
8A
1A
68
E2
E7
#T
D1
FB
08
26
67
11
21
7D
#C
BD
5B
F3
9E
AF
EC
9C
B2
#T
DC
E0
97
4E
F0
67
50
30
#C
75
5D
2F
CE
A3
98
64
89
#T
19
BC
2B
5D
02
E8
9A
6D
#C
66
5C
39
06
EE
52
0A
C5
#T
3B
6E
98
D4
1C
A5
5C
99
#C
01
3E
8F
69
4E
22
13
CF
#T
91
80
D0
16
DE
18
F4
0F
#C
46
0D
79
9D
33
78
72
DE
#T
60
5F
C8
65
A4
53
76
0D
#C
87
C0
9C
A8
37
45
2B
E4
#T
3C
37
BA
53
BC
12
6A
AC
#C
EC
53
00
95
90
CF
B0
3E
#T
D0
FE
DB
7A
29
84
11
F6
#C
97
01
29
3E
E6
DF
39
97
48
#T
F5
CB
17
02
6B
CE
2E
E2
#C
7B
F0
1B
D2
0A
77
1C
A9
18
#T
61
09
09
B0
3D
5A
4F
3D
#C
6C
B2
57
75
D9
B8
DF
4C
B2
#T
6A
D6
5B
30
6A
90
85
EF
#C
B7
32
72
2B
51
0A
2E
E3
D4
#T
80
2D
E1
57
02
B4
02
C4
#C
4F
2E
C7
38
A0
EB
4E
66
6D
#T
E0
ED
6D
4D
54
96
31
0D
#C
A3
2F
25
1E
11
AC
31
FA
66
#T
F0
AA
ED
AE
4A
DD
DE
C4
#C
94
B7
8F
F5
D3
91
C2
F8
B8
#T
A5
49
C4
97
10
FD
C6
9C
#C
B4
B4
34
C0
3E
CB
B1
1D
20
#T
B5
66
03
94
E5
6D
70
7C
#C
92
3B
2A
8A
1A
68
E2
E7
1F
#T
B4
FF
5B
90
C9
5F
6B
87
#C
BD
5B
F3
9E
AF
EC
9C
B2
F7
#T
A0
7E
E6
A7
EC
04
64
16
#C
75
5D
2F
CE
A3
98
64
89
3E
#T
BE
7F
34
36
8B
D1
6F
83
#C
66
5C
39
06
EE
52
0A
C5
47
#T
07
9A
22
3C
75
F9
CF
03
#C
01
3E
8F
69
4E
22
13
CF
BE
#T
1C
DB
33
43
DF
9C
1D
A1
#C
46
0D
79
9D
33
78
72
DE
78
#T
E5
F3
1B
BF
34
8A
55
92
#C
87
C0
9C
A8
37
45
2B
E4
8E
#T
8E
AC
15
4C
0F
B2
BC
65
#C
EC
53
00
95
90
CF
B0
3E
53
#T
30
7B
6D
97
4E
DC
B8
16
#C
97
01
29
3E
E6
DF
39
97
48
B5
#T
A2
3F
58
EE
BA
87
B2
08
#C
7B
F0
1B
D2
0A
77
1C
A9
18
A4
#T
EB
1F
A3
8E
9A
20
4C
94
#C
6C
B2
57
75
D9
B8
DF
4C
B2
F4
#T
0D
D3
33
22
0F
25
1A
D3
#C
B7
32
72
2B
51
0A
2E
E3
D4
03
#T
96
11
2A
1A
21
FA
BA
44
#C
4F
2E
C7
38
A0
EB
4E
66
6D
A4
#T
61
68
15
C6
61
6F
CC
B8
#C
A3
2F
25
1E
11
AC
31
FA
66
62
#T
AF
A2
A3
D2
B8
ED
C6
88
#C
94
B7
8F
F5
D3
91
C2
F8
B8
B8
#T
60
55
93
CF
1C
23
4A
41
#C
B4
B4
34
C0
3E
CB
B1
1D
20
34
#T
07
57
D4
5B
F6
10
9B
E9
#C
92
3B
2A
8A
1A
68
E2
E7
1F
B2
#T
04
28
EC
2F
0C
37
79
24
#C
BD
5B
F3
9E
AF
EC
9C
B2
F7
E4
#T
E2
31
D7
8B
71
AA
C1
50
#C
75
5D
2F
CE
A3
98
64
89
3E
A9
#T
B7
B9
31
8A
0A
42
E1
BC
#C
66
5C
39
06
EE
52
0A
C5
47
E4
#T
B9
2F
48
98
02
13
E2
96
#C
01
3E
8F
69
4E
22
13
CF
BE
64
#T
C8
62
4A
19
BD
E3
68
9E
#C
46
0D
79
9D
33
78
72
DE
78
E7
#T
2A
48
5D
E8
5B
3F
06
BE
#C
87
C0
9C
A8
37
45
2B
E4
8E
1C
#T
7C
44
22
FD
BB
06
8A
4C
#C
EC
53
00
95
90
CF
B0
3E
53
3F
#T
FB
96
9D
2D
C5
9F
1F
96
#C
97
01
29
3E
E6
DF
39
97
48
B5
05
#T
EC
83
66
65
85
A2
D1
C1
#C
7B
F0
1B
D2
0A
77
1C
A9
18
A4
CA
#T
96
89
4B
E3
31
EE
BF
9B
#C
6C
B2
57
75
D9
B8
DF
4C
B2
F4
0F
#T
02
B7
79
9E
B1
F4
DB
1A
#C
B7
32
72
2B
51
0A
2E
E3
D4
03
D4
#T
BC
CC
EB
54
E8
F8
C9
6F
#C
4F
2E
C7
38
A0
EB
4E
66
6D
A4
C4
#T
47
F5
9D
F8
17
2D
37
A0
#C
A3
2F
25
1E
11
AC
31
FA
66
62
BB
#T
BF
0C
8A
DA
F9
FC
09
69
#C
94
B7
8F
F5
D3
91
C2
F8
B8
B8
F1
#T
A2
E1
F6
93
A2
8F
15
DF
#C
B4
B4
34
C0
3E
CB
B1
1D
20
34
AB
#T
FC
B5
3F
2A
CA
C2
AE
E4
#C
92
3B
2A
8A
1A
68
E2
E7
1F
B2
63
#T
29
E5
D2
03
02
AD
E1
25
#C
BD
5B
F3
9E
AF
EC
9C
B2
F7
E4
B1
#T
00
B3
DE
3F
3E
9F
08
65
#C
75
5D
2F
CE
A3
98
64
89
3E
A9
B2
#T
B5
19
97
BC
03
54
08
DC
#C
66
5C
39
06
EE
52
0A
C5
47
E4
15
#T
12
CC
30
28
A5
38
89
FE
#C
01
3E
8F
69
4E
22
13
CF
BE
64
3A
#T
DA
35
EA
5C
F1
C2
A7
70
#C
46
0D
79
9D
33
78
72
DE
78
E7
16
#T
35
29
54
C8
3E
34
BB
1D
#C
87
C0
9C
A8
37
45
2B
E4
8E
1C
B7
#T
02
61
62
C5
65
66
66
67
#C
EC
53
00
95
90
CF
B0
3E
53
3F
1A
#T
C4
76
C7
BC
FA
31
B2
44
#C
97
01
29
3E
E6
DF
39
97
48
B5
05
3E
#T
59
99
3D
BA
10
96
7B
19
#C
7B
F0
1B
D2
0A
77
1C
A9
18
A4
CA
73
#T
D3
1B
70
08
E7
65
00
FC
#C
6C
B2
57
75
D9
B8
DF
4C
B2
F4
0F
92
#T
D6
5F
33
FE
6F
76
03
C3
#C
B7
32
72
2B
51
0A
2E
E3
D4
03
D4
C9
#T
7C
22
39
DE
2E
40
9F
FE
#C
4F
2E
C7
38
A0
EB
4E
66
6D
A4
C4
A7
#T
79
47
D3
B3
CF
7E
FD
24
#C
A3
2F
25
1E
11
AC
31
FA
66
62
BB
1E
#T
FE
B5
BE
D2
48
CA
A5
86
#C
94
B7
8F
F5
D3
91
C2
F8
B8
B8
F1
D3
#T
F6
2F
F4
85
3A
26
EB
B5
#C
B4
B4
34
C0
3E
CB
B1
1D
20
34
AB
EE
#T
9E
94
9F
2E
24
35
90
1C
#C
92
3B
2A
8A
1A
68
E2
E7
1F
B2
63
B0
#T
0B
79
B7
53
58
DC
41
44
#C
BD
5B
F3
9E
AF
EC
9C
B2
F7
E4
B1
22
#T
23
BA
27
23
E4
58
77
49
#C
75
5D
2F
CE
A3
98
64
89
3E
A9
B2
2F
#T
4F
1E
8B
00
E7
65
39
DD
#C
66
5C
39
06
EE
52
0A
C5
47
E4
15
0D
#T
F6
15
22
25
82
59
BE
26
#C
01
3E
8F
69
4E
22
13
CF
BE
64
3A
51
#T
8F
27
C1
80
F5
2B
8E
9C
#C
46
0D
79
9D
33
78
72
DE
78
E7
16
5B
#T
3E
08
8F
29
2C
83
C4
95
#C
87
C0
9C
A8
37
45
2B
E4
8E
1C
B7
EA
#T
C2
58
90
F4
0B
BD
16
8C
#C
EC
53
00
95
90
CF
B0
3E
53
3F
1A
46
#T
4E
A2
1D
F1
81
DA
3E
2D
#C
97
01
29
3E
E6
DF
39
97
48
B5
05
3E
72
#T
C7
94
94
07
DE
0F
36
CD
#C
7B
F0
1B
D2
0A
77
1C
A9
18
A4
CA
73
4A
#T
72
6D
BF
AD
91
37
52
80
#C
6C
B2
57
75
D9
B8
DF
4C
B2
F4
0F
92
0B
#T
0C
65
69
A2
0E
3C
12
C5
#C
B7
32
72
2B
51
0A
2E
E3
D4
03
D4
C9
AE
#T
41
E8
1A
64
32
F4
10
CB
#C
4F
2E
C7
38
A0
EB
4E
66
6D
A4
C4
A7
DC
#T
D7
9D
45
92
94
74
D6
A0
#C
A3
2F
25
1E
11
AC
31
FA
66
62
BB
1E
7D
#T
56
DB
C0
AB
FF
EE
47
B6
#C
94
B7
8F
F5
D3
91
C2
F8
B8
B8
F1
D3
29
#T
98
96
61
82
72
01
2B
9F
#C
B4
B4
34
C0
3E
CB
B1
1D
20
34
AB
EE
64
#T
B6
99
C9
27
7D
EE
52
94
#C
92
3B
2A
8A
1A
68
E2
E7
1F
B2
63
B0
21
#T
00
64
CD
59
42
22
C4
00
#C
BD
5B
F3
9E
AF
EC
9C
B2
F7
E4
B1
22
AC
#T
31
9B
06
B7
04
CC
D8
41
#C
75
5D
2F
CE
A3
98
64
89
3E
A9
B2
2F
8F
#T
12
D3
66
D0
81
FE
B2
3E
#C
66
5C
39
06
EE
52
0A
C5
47
E4
15
0D
D2
#T
1C
F2
B1
52
0A
28
7B
57
#C
01
3E
8F
69
4E
22
13
CF
BE
64
3A
51
15
#T
DF
98
11
10
31
89
C6
FE
#C
46
0D
79
9D
33
78
72
DE
78
E7
16
5B
50
#T
6C
17
7D
3A
AE
3A
25
F6
#C
87
C0
9C
A8
37
45
2B
E4
8E
1C
B7
EA
00
#T
D6
22
70
03
8B
67
22
10
#C
EC
53
00
95
90
CF
B0
3E
53
3F
1A
46
5F
#T
45
60
61
C1
7D
4F
CD
10
#C
97
01
29
3E
E6
DF
39
97
48
B5
05
3E
72
25
#T
3A
FB
63
88
2C
95
0C
5B
#C
7B
F0
1B
D2
0A
77
1C
A9
18
A4
CA
73
4A
73
#T
80
38
EE
FC
70
AC
9B
C6
#C
6C
B2
57
75
D9
B8
DF
4C
B2
F4
0F
92
0B
66
#T
6D
16
B9
68
36
5C
0B
4D
#C
B7
32
72
2B
51
0A
2E
E3
D4
03
D4
C9
AE
ED
#T
C7
EE
FC
89
D8
0A
87
19
#C
4F
2E
C7
38
A0
EB
4E
66
6D
A4
C4
A7
DC
75
#T
13
28
24
9D
86
F7
6D
0D
#C
A3
2F
25
1E
11
AC
31
FA
66
62
BB
1E
7D
11
#T
85
3A
9D
85
30
5C
3A
F0
#C
94
B7
8F
F5
D3
91
C2
F8
B8
B8
F1
D3
29
E5
#T
75
A2
DE
09
F8
F2
C4
B2
#C
B4
B4
34
C0
3E
CB
B1
1D
20
34
AB
EE
64
19
#T
1F
67
05
42
38
57
3B
93
#C
92
3B
2A
8A
1A
68
E2
E7
1F
B2
63
B0
21
2B
#T
7A
2B
94
6C
D7
03
F6
02
#C
BD
5B
F3
9E
AF
EC
9C
B2
F7
E4
B1
22
AC
5A
#T
BD
99
0E
F0
A6
EB
27
62
#C
75
5D
2F
CE
A3
98
64
89
3E
A9
B2
2F
8F
58
#T
81
18
42
D1
55
6C
0F
99
#C
66
5C
39
06
EE
52
0A
C5
47
E4
15
0D
D2
85
#T
9D
32
27
BA
DD
EC
C5
F6
#C
01
3E
8F
69
4E
22
13
CF
BE
64
3A
51
15
86
#T
6E
6D
E1
34
B9
5A
D8
D5
#C
46
0D
79
9D
33
78
72
DE
78
E7
16
5B
50
46
#T
56
E5
1A
B3
4F
60
ED
3F
#C
87
C0
9C
A8
37
45
2B
E4
8E
1C
B7
EA
00
52
#T
13
94
C3
AC
4F
26
BA
3F
#C
EC
53
00
95
90
CF
B0
3E
53
3F
1A
46
5F
4F
#T
11
35
45
E6
35
C5
AB
7D
#C
97
01
29
3E
E6
DF
39
97
48
B5
05
3E
72
25
AD
#T
53
75
CF
D3
A7
5F
9D
62
#C
7B
F0
1B
D2
0A
77
1C
A9
18
A4
CA
73
4A
73
E6
#T
55
F5
6F
37
C8
C3
D5
B5
#C
6C
B2
57
75
D9
B8
DF
4C
B2
F4
0F
92
0B
66
9D
#T
DC
6F
97
E2
ED
B9
53
38
#C
B7
32
72
2B
51
0A
2E
E3
D4
03
D4
C9
AE
ED
2A
#T
19
22
60
D9
42
CF
F9
FB
#C
4F
2E
C7
38
A0
EB
4E
66
6D
A4
C4
A7
DC
75
85
#T
BF
49
98
6B
96
58
F9
20
#C
A3
2F
25
1E
11
AC
31
FA
66
62
BB
1E
7D
11
8B
#T
80
03
4E
60
41
B6
E3
BC
#C
94
B7
8F
F5
D3
91
C2
F8
B8
B8
F1
D3
29
E5
2A
#T
13
6D
24
8A
E0
0D
3E
D7
#C
B4
B4
34
C0
3E
CB
B1
1D
20
34
AB
EE
64
19
8E
#T
66
D3
9D
01
85
D6
83
78
#C
92
3B
2A
8A
1A
68
E2
E7
1F
B2
63
B0
21
2B
EE
#T
56
72
C3
72
AB
E9
48
34
#C
BD
5B
F3
9E
AF
EC
9C
B2
F7
E4
B1
22
AC
5A
6F
#T
F5
F9
7A
45
29
B4
D1
BA
#C
75
5D
2F
CE
A3
98
64
89
3E
A9
B2
2F
8F
58
6A
#T
DB
E9
CD
4C
C3
6B
A3
4A
#C
66
5C
39
06
EE
52
0A
C5
47
E4
15
0D
D2
85
5E
#T
EA
FB
54
47
38
85
3C
C9
#C
01
3E
8F
69
4E
22
13
CF
BE
64
3A
51
15
86
5D
#T
72
51
63
00
FE
37
03
24
#C
46
0D
79
9D
33
78
72
DE
78
E7
16
5B
50
46
47
#T
0A
57
F1
EE
96
C9
84
ED
#C
87
C0
9C
A8
37
45
2B
E4
8E
1C
B7
EA
00
52
21
#T
0D
9E
F5
3E
5B
3F
89
25
#C
EC
53
00
95
90
CF
B0
3E
53
3F
1A
46
5F
4F
CB
#T
0F
F8
19
8F
CE
F3
FB
D3
#C
97
01
29
3E
E6
DF
39
97
48
B5
05
3E
72
25
AD
24
#T
9D
43
14
83
68
4D
1F
BF
#C
7B
F0
1B
D2
0A
77
1C
A9
18
A4
CA
73
4A
73
E6
8E
#T
94
D8
26
7B
8F
6B
B9
DD
#C
6C
B2
57
75
D9
B8
DF
4C
B2
F4
0F
92
0B
66
9D
69
#T
B0
30
A3
EC
1C
8A
1B
9E
#C
B7
32
72
2B
51
0A
2E
E3
D4
03
D4
C9
AE
ED
2A
55
#T
3D
E6
74
51
23
4C
CC
83
#C
4F
2E
C7
38
A0
EB
4E
66
6D
A4
C4
A7
DC
75
85
A4
#T
ED
2E
51
EC
77
35
49
DC
#C
A3
2F
25
1E
11
AC
31
FA
66
62
BB
1E
7D
11
8B
66
#T
C7
C8
33
D8
F1
D4
CA
46
#C
94
B7
8F
F5
D3
91
C2
F8
B8
B8
F1
D3
29
E5
2A
CD
#T
75
B2
2B
67
27
B1
F7
B1
#C
B4
B4
34
C0
3E
CB
B1
1D
20
34
AB
EE
64
19
8E
D9
#T
88
F4
9F
DA
A0
81
4D
87
#C
92
3B
2A
8A
1A
68
E2
E7
1F
B2
63
B0
21
2B
EE
30
#T
7D
34
0F
B9
2A
C6
7C
C7
#C
BD
5B
F3
9E
AF
EC
9C
B2
F7
E4
B1
22
AC
5A
6F
FD
#T
84
17
FA
2C
D8
32
A6
43
#C
75
5D
2F
CE
A3
98
64
89
3E
A9
B2
2F
8F
58
6A
9E
#T
10
A2
17
15
C4
0E
A6
44
#C
66
5C
39
06
EE
52
0A
C5
47
E4
15
0D
D2
85
5E
C0
#T
98
39
B2
2A
00
49
A6
D4
#C
01
3E
8F
69
4E
22
13
CF
BE
64
3A
51
15
86
5D
77
#T
D6
B2
21
1B
5F
3C
0D
7B
#C
46
0D
79
9D
33
78
72
DE
78
E7
16
5B
50
46
47
F8
#T
BA
DD
12
FF
7F
8B
04
08
#C
87
C0
9C
A8
37
45
2B
E4
8E
1C
B7
EA
00
52
21
81
#T
96
7C
FC
5C
FB
63
A1
E0
#C
EC
53
00
95
90
CF
B0
3E
53
3F
1A
46
5F
4F
CB
6C
#T
C7
C4
03
85
10
95
96
37
