#C
97
#T
C1
A0
1B
C6
48
BE
DF
77
#C
7B
#T
DD
4E
24
58
DD
36
76
45
#C
6C
#T
68
42
11
EA
13
E5
30
0D
#C
B7
#T
93
B4
F0
5C
E9
D9
D3
C6
#C
4F
#T
5F
E6
98
82
00
D9
68
93
#C
A3
#T
6D
C8
F0
97
79
7D
BC
9A
#C
94
#T
0D
0F
84
88
66
29
80
5E
#C
B4
#T
BE
97
03
31
0B
30
1B
28
#C
92
#T
04
74
FD
8D
E5
04
D8
DD
#C
BD
#T
73
31
E7
91
7B
D5
40
95
#C
75
#T
42
A8
32
7F
48
55
E7
00
#C
66
#T
1A
13
ED
8E
55
98
3C
06
#C
01
#T
4E
D1
5B
A6
1A
56
56
4D
#C
46
#T
BB
51
BF
F0
55
39
A5
B7
#C
87
#T
74
E7
D6
D2
15
0F
D7
C9
#C
EC
#T
29
15
A0
2B
38
CD
20
79
#C
97
01
