#P
00
#T
FE
F3
43
87
28
66
FD
9E
2D
89
BA
7F
02
35
8C
79
#P
00
#T
72
99
07
2E
20
21
6E
9A
BC
E7
21
81
50
D8
38
96
#P
00
#T
0F
42
43
CF
79
6C
3A
09
CF
22
DD
D5
06
13
FE
5C
#P
00
#T
38
B4
3D
7A
14
D6
79
65
19
12
60
5F
AF
13
15
8A
#P
00
#T
85
DD
53
3A
4B
E5
96
E8
D5
28
98
6B
8E
ED
6F
46
#P
00
#T
84
2D
EF
D6
18
74
E8
87
36
A9
BB
F9
F0
98
AA
2E
#P
00
#T
01
3B
83
BD
D6
08
58
B8
0A
C8
C5
AD
71
1B
24
6E
#P
00
#T
F2
36
30
C0
F6
FD
71
CE
AE
4B
09
13
CC
28
6E
A2
#P
00
#T
76
74
10
D3
F6
6D
74
3C
0E
0B
E8
2D
F4
32
0C
B7
#P
00
#T
D9
87
57
14
3A
75
63
BC
C7
EA
DC
B2
28
D3
6D
63
#P
00
#T
B1
4D
26
31
35
B3
DB
2E
2B
A3
46
21
F1
F8
19
EC
#P
00
#T
55
55
F3
39
DE
21
32
C0
0D
25
18
F7
B0
1F
9D
D2
#P
00
#T
54
F6
17
15
1A
3D
D9
EB
7E
AB
2A
18
B8
68
45
67
#P
00
#T
FD
FD
5B
6D
02
DA
1C
20
20
82
2B
80
59
1F
BF
94
#P
00
#T
E2
DA
3E
07
F4
A2
D1
D1
0A
71
E7
82
49
16
75
0E
#P
00
#T
76
95
2A
9B
D3
1E
A7
BE
AA
79
62
67
81
FB
E6
84
#P
00
01
#T
A1
8E
89
90
FD
7D
64
7B
BA
CB
10
D2
CA
0D
1E
28
#P
00
01
#T
A8
50
14
AC
FD
E7
00
97
00
E9
94
6A
05
86
9D
69
#P
00
01
#T
4E
6D
CF
27
0A
18
D4
7B
70
74
F8
40
4F
1E
FC
62
#P
00
01
#T
A2
26
7F
1B
9B
B1
58
EC
FE
A9
62
44
F8
B1
8D
60
#P
00
01
#T
DA
32
A0
65
04
96
B7
AF
DE
49
2C
38
0F
7F
9A
2B
#P
00
01
#T
90
C7
91
B6
8B
01
5B
AD
34
21
2D
DA
4B
9F
CA
F1
#P
00
01
#T
B4
3D
C8
C1
53
6E
23
FD
C3
64
50
CE
82
60
74
1F
#P
00
01
#T
F2
D6
D0
6D
55
9F
6A
40
3D
5B
3F
AD
BF
E7
F0
0F
#P
00
01
#T
54
3E
DE
66
7C
40
11
34
5F
C4
58
C0
19
20
E1
0B
#P
00
01
#T
83
C5
41
4A
63
0C
F5
35
14
9B
38
C4
E8
39
12
8F
#P
00
01
#T
D5
2B
94
0E
3C
B1
99
66
40
D9
18
C3
52
1D
71
F9
#P
00
01
#T
DD
12
A5
9E
6B
9A
04
AF
CC
B0
4D
68
E8
8E
37
3E
#P
00
01
#T
FF
6E
F9
9C
15
34
DA
E6
17
72
F5
EC
CF
9C
F8
30
#P
00
01
#T
8E
23
AD
78
A9
27
83
76
3F
20
4A
C1
BD
A1
9C
BB
#P
00
01
#T
DB
F6
3F
DE
F4
FA
A5
64
9F
E1
C4
DC
E9
4B
71
CD
#P
00
01
#T
19
35
FA
C8
BB
A4
7A
AC
A8
20
24
93
99
AF
9A
CD
#P
00
01
02
#T
04
65
1F
06
26
99
A4
46
FD
7C
46
B0
EC
A9
6D
FE
#P
00
01
02
#T
91
85
5A
99
6B
9C
A6
E4
34
A1
19
EC
AD
C0
3A
FC
#P
00
01
02
#T
F1
44
76
18
28
60
E3
EF
47
9B
46
41
BC
28
A9
D7
#P
00
01
02
#T
E4
9E
5B
18
98
7E
30
AB
57
0D
B1
F3
66
89
F3
70
#P
00
01
02
#T
CD
EC
91
4B
FF
16
DC
BD
5E
73
00
25
09
25
BD
4E
#P
00
01
02
#T
21
DB
83
9C
84
1E
58
5B
0D
F9
84
BA
FA
69
B4
B8
#P
00
01
02
#T
B7
C2
D9
A7
58
B9
7C
AD
DF
5E
6A
F8
28
D8
36
64
#P
00
01
02
#T
8D
DD
61
E3
6A
CA
30
4E
F8
EA
CA
82
33
92
D7
9F
#P
00
01
02
#T
A6
55
3F
D1
F4
DD
81
16
84
49
95
A7
54
48
D2
25
#P
00
01
02
#T
03
F7
D5
79
3E
E0
EF
71
01
01
67
0E
4C
36
DA
AF
#P
00
01
02
#T
0C
F2
BD
79
7D
E5
04
BF
4F
AF
5F
AA
B5
AA
0A
4E
#P
00
01
02
#T
87
1A
A4
A1
B7
33
A7
18
D3
A5
45
F3
ED
E4
1F
31
#P
00
01
02
#T
91
4D
DD
7B
35
86
C2
18
34
98
16
51
E7
3E
F0
AD
#P
00
01
02
#T
62
B1
BD
F1
4F
4E
E0
30
5B
6C
77
A5
E6
96
BF
C8
#P
00
01
02
#T
0D
F6
31
AA
0F
9A
9D
89
E2
26
AB
C3
C4
85
A2
E5
#P
00
01
02
#T
F3
6F
D6
36
45
D9
06
27
D0
0E
04
B1
40
86
60
8F
#P
00
01
02
03
#T
11
B0
91
B9
5F
89
AB
44
3F
47
9F
05
37
F5
B9
0A
#P
00
01
02
03
#T
47
70
BE
83
ED
08
2B
EE
A7
1B
2B
B0
40
D5
24
27
#P
00
01
02
03
#T
B7
20
BF
3D
65
DC
18
82
A9
1C
8F
8A
47
C5
1C
69
#P
00
01
02
03
#T
53
2D
3F
EC
48
04
6E
21
02
D0
32
85
FE
21
A3
E4
#P
00
01
02
03
#T
DA
63
90
1E
4F
3F
B1
EA
77
AC
83
5A
6E
AE
2A
71
#P
00
01
02
03
#T
B6
57
A3
C6
24
39
E3
ED
83
6E
03
8F
63
C4
33
ED
#P
00
01
02
03
#T
E8
D4
1A
AD
4F
6B
D0
26
DF
74
93
9B
14
6D
71
D1
#P
00
01
02
03
#T
D7
F1
23
3C
DC
5E
37
8F
01
62
AE
58
2D
2D
7A
58
#P
00
01
02
03
#T
49
DD
7A
5A
73
27
BB
6E
FB
82
FB
EB
B5
E9
5C
D2
#P
00
01
02
03
#T
BA
DD
D4
A9
DB
6A
55
38
6E
5C
15
1E
01
05
B5
DF
#P
00
01
02
03
#T
14
EA
65
58
4C
1A
76
D8
C9
45
24
FC
9F
33
4B
48
#P
00
01
02
03
#T
8D
1D
22
FA
85
EC
BD
C6
BB
3C
55
10
AF
D5
EE
0F
#P
00
01
02
03
#T
04
15
55
45
D4
53
E9
83
1F
22
44
40
38
82
A6
CB
#P
00
01
02
03
#T
F1
84
8E
58
80
37
6F
6D
84
ED
62
A8
89
81
BA
8A
#P
00
01
02
03
#T
E6
AD
9C
7C
75
99
BE
59
53
49
52
9A
88
C9
8B
41
#P
00
01
02
03
#T
06
6D
E0
70
55
AF
CF
C4
97
19
8F
A1
22
54
2C
58
#P
00
01
02
03
04
#T
AE
23
3C
CE
3A
F8
20
E0
FF
A7
E0
98
FB
BF
93
49
#P
00
01
02
03
04
#T
C2
94
07
89
3B
B5
C3
CB
26
A0
15
16
6B
35
66
EA
#P
00
01
02
03
04
#T
7C
BC
C2
6A
13
E6
1D
CB
B0
BA
25
1C
A2
41
74
A1
#P
00
01
02
03
04
#T
BF
D5
F9
1E
C8
D4
19
46
31
DF
71
BE
82
19
BD
CE
#P
00
01
02
03
04
#T
1E
5E
3E
C5
1A
8F
D1
D4
BA
B0
75
46
BD
01
90
ED
#P
00
01
02
03
04
#T
1C
68
8D
D0
41
16
9A
64
F2
08
6B
EA
E6
0A
DA
6A
#P
00
01
02
03
04
#T
77
70
3A
F6
4C
20
46
ED
F8
DF
C3
86
73
9B
8B
5C
#P
00
01
02
03
04
#T
B8
75
0C
86
78
76
BA
58
82
08
37
B9
79
67
A1
A9
#P
00
01
02
03
04
#T
0C
92
BB
AE
93
F3
39
D8
1E
DA
12
36
01
45
8D
EB
#P
00
01
02
03
04
#T
F4
D7
43
0D
49
C4
D6
AD
35
3C
F7
F9
75
15
C3
BD
#P
00
01
02
03
04
#T
F9
67
3A
87
15
B5
46
CA
FA
F6
8B
12
9C
51
FB
03
#P
00
01
02
03
04
#T
66
06
69
86
8E
E3
21
69
F6
89
FF
A8
BE
E3
01
AD
#P
00
01
02
03
04
#T
BA
EE
4D
D1
85
B5
87
53
B7
26
2A
65
E5
C8
AB
3A
#P
00
01
02
03
04
#T
44
29
CC
48
B6
20
E3
88
11
B1
FA
3A
FE
62
A2
D1
#P
00
01
02
03
04
#T
6A
21
78
54
B6
5F
A1
23
E4
DD
79
E6
12
8D
9E
02
#P
00
01
02
03
04
#T
D5
EE
C6
43
13
D7
58
88
B9
4A
89
31
48
4F
E3
77
#P
00
01
02
03
04
05
#T
47
61
9E
6A
4C
75
D6
4E
04
BE
DE
9E
39
B6
19
D8
#P
00
01
02
03
04
05
#T
1E
CE
9F
E4
01
BE
C5
65
5B
EC
E0
68
AC
66
DE
61
#P
00
01
02
03
04
05
#T
FE
BB
BD
86
5A
DA
71
9E
FF
86
AC
29
FB
A3
20
30
#P
00
01
02
03
04
05
#T
A9
6D
27
7C
8C
EB
53
F5
8F
AD
DB
C9
F2
62
3F
0E
#P
00
01
02
03
04
05
#T
9E
1A
34
70
AA
85
A9
0F
56
B8
1F
C9
FB
1B
A0
7D
#P
00
01
02
03
04
05
#T
1E
6F
08
E6
BA
7C
02
1A
99
84
EF
99
83
F2
F2
3F
#P
00
01
02
03
04
05
#T
3F
05
9A
B8
42
23
AE
5C
02
E0
0B
4B
EF
F0
88
52
#P
00
01
02
03
04
05
#T
73
F2
9C
01
69
71
A0
8A
76
9C
2A
B0
45
A0
B5
FD
#P
00
01
02
03
04
05
#T
46
83
86
E5
AE
C8
E5
89
37
1D
36
15
09
3D
FD
74
#P
00
01
02
03
04
05
#T
6E
17
14
FD
E9
B7
FC
82
90
9C
EC
3F
22
E9
DE
18
#P
00
01
02
03
04
05
#T
B2
AA
40
00
B1
05
6A
FD
C6
37
60
8A
F2
0C
E9
8D
#P
00
01
02
03
04
05
#T
68
44
92
F8
1D
1B
54
7F
D8
26
58
E1
D5
08
14
2D
#P
00
01
02
03
04
05
#T
2B
AE
AD
57
1E
92
A1
93
8A
98
82
DC
D1
FF
34
82
#P
00
01
02
03
04
05
#T
FA
93
D0
72
C1
E1
00
DC
35
E9
AD
F5
56
4A
88
98
#P
00
01
02
03
04
05
#T
05
79
54
00
EA
C1
FD
68
B6
D7
53
E2
43
CE
8D
9F
#P
00
01
02
03
04
05
#T
C6
9E
86
97
AD
F1
ED
81
81
79
D7
32
9B
D0
09
FF
#P
00
01
02
03
04
05
06
#T
EF
E3
3F
12
07
57
D8
6D
1F
FC
EB
1B
4C
1D
3D
EA
#P
00
01
02
03
04
05
06
#T
BF
52
13
98
48
45
F5
14
00
24
14
1B
73
11
37
B0
#P
00
01
02
03
04
05
06
#T
F1
E6
04
E2
2E
2B
98
43
49
6A
C7
13
91
C0
40
DC
#P
00
01
02
03
04
05
06
#T
49
81
6F
79
58
17
85
A9
D5
79
9C
17
6F
DE
8C
68
#P
00
01
02
03
04
05
06
#T
F5
E5
71
27
65
79
1B
DF
18
64
D2
C6
60
31
7A
6B
#P
00
01
02
03
04
05
06
#T
54
F7
AD
1F
04
7F
1E
9A
C0
F2
34
70
BF
97
A4
F1
#P
00
01
02
03
04
05
06
#T
25
E2
A1
56
EA
7C
4F
91
11
8F
A7
F8
2A
91
90
EC
#P
00
01
02
03
04
05
06
#T
68
8A
B8
40
EC
B1
CA
30
47
1B
47
A0
98
7C
B6
BA
#P
00
01
02
03
04
05
06
#T
AE
1B
62
42
CE
A5
1B
F4
CA
CA
4E
78
B6
8E
4A
70
#P
00
01
02
03
04
05
06
#T
D1
73
F0
C2
09
C2
17
C9
C4
BE
39
2E
C4
86
FD
C4
#P
00
01
02
03
04
05
06
#T
2A
98
0F
02
B7
DA
D4
76
0A
4A
6C
35
9A
28
3E
4B
#P
00
01
02
03
04
05
06
#T
8B
F5
52
03
57
6D
28
ED
92
99
BA
BA
C9
0C
C3
30
#P
00
01
02
03
04
05
06
#T
73
8D
93
F2
A2
02
57
3A
06
36
D0
8A
7B
D7
D5
0A
#P
00
01
02
03
04
05
06
#T
8A
FC
46
C1
6F
75
B2
28
6D
E5
2A
64
DB
10
71
EA
#P
00
01
02
03
04
05
06
#T
F7
67
71
C8
3A
ED
24
82
9E
90
F2
65
02
D5
43
0A
#P
00
01
02
03
04
05
06
#T
87
F5
31
78
41
54
CF
7A
51
55
C2
3B
B8
A7
E8
7C
#P
00
01
02
03
04
05
06
07
#T
72
41
6F
77
EF
4C
4C
F5
A8
33
47
DB
13
D7
38
E8
#P
00
01
02
03
04
05
06
07
#T
E7
06
16
43
75
BE
F7
83
1E
DC
79
CD
BC
3C
B9
91
#P
00
01
02
03
04
05
06
07
#T
7D
E5
7A
41
7E
A8
75
65
29
1A
BF
D1
8A
D6
DD
12
#P
00
01
02
03
04
05
06
07
#T
6D
8E
03
BD
91
D8
8A
C7
A0
09
E4
63
85
AA
72
E7
#P
00
01
02
03
04
05
06
07
#T
EB
42
FC
00
52
7F
35
88
E7
9A
DB
95
65
90
B3
2B
#P
00
01
02
03
04
05
06
07
#T
5E
21
34
EA
77
A6
35
15
97
CA
F7
2F
F3
BF
33
75
#P
00
01
02
03
04
05
06
07
#T
A7
81
AB
7E
93
6F
AA
4B
CB
90
24
8A
AA
7A
35
FC
#P
00
01
02
03
04
05
06
07
#T
6C
5D
F8
ED
0C
2A
AF
29
CA
BB
AB
4D
E0
7D
CA
F5
#P
00
01
02
03
04
05
06
07
#T
17
C7
92
C2
F2
CB
93
4E
BF
0A
07
DA
C0
40
79
6C
#P
00
01
02
03
04
05
06
07
#T
88
27
7D
10
CE
E7
8A
BF
7C
75
32
4F
DB
55
88
0B
#P
00
01
02
03
04
05
06
07
#T
B7
17
73
39
74
5B
73
B8
7F
D8
31
F4
B5
14
78
21
#P
00
01
02
03
04
05
06
07
#T
16
F6
D4
AC
E3
3D
DC
03
53
19
E8
8A
3C
AA
03
66
#P
00
01
02
03
04
05
06
07
#T
8D
C7
FA
64
FE
0A
12
DC
3F
3A
EA
BE
64
29
4E
52
#P
00
01
02
03
04
05
06
07
#T
D3
D1
7B
B2
AF
2E
00
3B
C2
EA
33
3E
26
E9
4D
29
#P
00
01
02
03
04
05
06
07
#T
2C
8C
D6
C9
5F
DB
7E
6D
56
8A
D1
AF
84
9D
11
42
#P
00
01
02
03
04
05
06
07
#T
6D
A1
3D
3C
57
E0
BD
A1
44
36
93
3D
4D
8D
26
2A
#P
00
01
02
03
04
05
06
07
08
#T
54
BE
01
E8
EE
E7
4C
E9
57
2B
06
83
43
73
AF
AB
#P
00
01
02
03
04
05
06
07
08
#T
51
01
9F
8C
DF
47
0B
B6
57
27
89
48
5B
8A
45
06
#P
00
01
02
03
04
05
06
07
08
#T
19
6B
59
FE
80
87
A8
7C
9A
2D
74
E1
67
A9
B1
8A
#P
00
01
02
03
04
05
06
07
08
#T
5B
E4
DC
42
8D
56
BC
4B
82
EF
FA
22
CB
97
64
DE
#P
00
01
02
03
04
05
06
07
08
#T
ED
5C
14
5D
92
46
77
F2
3F
BA
78
9D
58
ED
26
AF
#P
00
01
02
03
04
05
06
07
08
#T
D7
FC
CE
C5
FA
4C
7E
54
81
A6
43
F5
3A
E6
A2
DF
#P
00
01
02
03
04
05
06
07
08
#T
54
16
38
B2
E8
F2
24
57
B6
71
0B
B5
CC
07
48
66
#P
00
01
02
03
04
05
06
07
08
#T
EE
BD
43
22
40
43
A3
D0
FD
9C
C6
4E
E9
56
1F
C5
#P
00
01
02
03
04
05
06
07
08
#T
E3
8F
AD
82
AF
5F
98
B4
27
6C
8A
AE
C8
7C
33
E9
#P
00
01
02
03
04
05
06
07
08
#T
D4
6D
32
79
93
9F
7E
AC
D6
E7
7D
79
90
85
A3
B1
#P
00
01
02
03
04
05
06
07
08
#T
6A
3B
28
00
4A
F8
7C
B7
B7
6C
A0
F6
2A
2F
A3
E3
#P
00
01
02
03
04
05
06
07
08
#T
1C
30
03
C3
CC
1A
E4
3B
09
C1
ED
EA
3B
8E
D5
08
#P
00
01
02
03
04
05
06
07
08
#T
CA
A4
D7
87
15
EC
14
26
C0
57
15
AA
B6
72
1B
A9
#P
00
01
02
03
04
05
06
07
08
#T
36
3E
D5
75
3A
AA
D5
F6
B8
17
62
88
EE
B8
23
14
#P
00
01
02
03
04
05
06
07
08
#T
D4
F5
B9
7A
61
D0
DE
71
61
CA
92
3E
E8
3E
4C
5B
#P
00
01
02
03
04
05
06
07
08
#T
99
32
C9
78
C6
8F
3A
41
86
4E
5A
E6
5E
D2
B1
A5
#P
00
01
02
03
04
05
06
07
08
09
#T
34
2C
B5
CC
65
B6
35
DD
A5
58
5D
D6
EE
54
28
DC
#P
00
01
02
03
04
05
06
07
08
09
#T
75
24
10
B2
B6
5E
9E
93
F8
3B
B5
EA
04
C6
EA
2D
#P
00
01
02
03
04
05
06
07
08
09
#T
5B
A2
80
B4
C4
5A
37
51
42
D6
8F
E0
83
34
BC
61
#P
00
01
02
03
04
05
06
07
08
09
#T
D8
19
AA
37
38
A9
35
67
2A
9C
5A
B7
FD
A0
AA
F2
#P
00
01
02
03
04
05
06
07
08
09
#T
8E
E4
D7
1C
D3
31
D5
03
D1
F3
97
73
3E
08
99
CB
#P
00
01
02
03
04
05
06
07
08
09
#T
B7
7A
C8
30
00
96
43
3C
05
37
24
01
03
49
46
C3
#P
00
01
02
03
04
05
06
07
08
09
#T
69
79
EA
81
EC
9B
FA
DF
99
F9
BB
81
74
A7
3D
99
#P
00
01
02
03
04
05
06
07
08
09
#T
12
9F
6B
D2
C2
0C
52
D7
69
7C
95
35
81
2B
19
21
#P
00
01
02
03
04
05
06
07
08
09
#T
67
EE
E4
E0
08
79
E5
F0
CD
EE
E9
CE
97
46
B5
48
#P
00
01
02
03
04
05
06
07
08
09
#T
39
FD
AF
17
DE
71
16
05
FA
05
F0
CF
DC
87
93
43
#P
00
01
02
03
04
05
06
07
08
09
#T
04
80
75
1C
CF
B3
DC
4A
29
DD
3D
66
AA
1C
E1
70
#P
00
01
02
03
04
05
06
07
08
09
#T
90
FE
52
54
2C
4E
4C
17
50
91
75
82
00
99
0A
91
#P
00
01
02
03
04
05
06
07
08
09
#T
B6
1F
0E
31
7A
CB
4D
F8
DA
CC
78
0A
B4
E2
C1
CE
#P
00
01
02
03
04
05
06
07
08
09
#T
0C
AF
AD
E9
29
8D
65
95
AD
B5
1D
5D
C6
D6
2B
20
#P
00
01
02
03
04
05
06
07
08
09
#T
96
00
1F
9D
51
E2
F2
EF
AA
29
CE
A8
D3
E0
E4
99
#P
00
01
02
03
04
05
06
07
08
09
#T
68
C5
33
D0
99
EA
5F
B7
50
0B
62
E6
8C
F0
A4
4F
#P
00
01
02
03
04
05
06
07
08
09
0A
#T
54
34
71
BF
71
73
3D
72
2A
59
3F
E7
B1
6D
4A
42
#P
00
01
02
03
04
05
06
07
08
09
0A
#T
77
E4
24
85
93
20
49
E7
FF
1B
5D
6C
65
5F
AE
49
#P
00
01
02
03
04
05
06
07
08
09
0A
#T
8F
CD
80
34
2A
0E
8D
40
1A
71
E9
D8
A1
34
B4
68
#P
00
01
02
03
04
05
06
07
08
09
0A
#T
2A
DE
E6
96
BC
C6
4A
87
7B
DB
33
3B
76
6B
93
83
#P
00
01
02
03
04
05
06
07
08
09
0A
#T
41
54
F1
0C
2E
EA
A5
55
17
23
DD
23
20
AC
47
55
#P
00
01
02
03
04
05
06
07
08
09
0A
#T
31
D1
91
56
5E
F1
BE
F7
EA
26
1E
48
63
B9
5D
01
#P
00
01
02
03
04
05
06
07
08
09
0A
#T
64
F7
75
5B
55
51
E1
1A
13
86
D8
17
43
BC
85
05
#P
00
01
02
03
04
05
06
07
08
09
0A
#T
2F
6C
5A
16
EE
5B
49
43
E3
B5
1B
67
C7
F1
D4
08
#P
00
01
02
03
04
05
06
07
08
09
0A
#T
C8
92
09
60
90
33
D8
E6
47
CD
E2
A9
D6
74
4B
31
#P
00
01
02
03
04
05
06
07
08
09
0A
#T
BA
7A
70
23
82
48
9B
40
2C
E7
AF
BB
8E
75
0D
29
#P
00
01
02
03
04
05
06
07
08
09
0A
#T
B9
A6
37
42
A7
C4
A1
69
70
7A
CF
3F
CA
75
03
07
#P
00
01
02
03
04
05
06
07
08
09
0A
#T
A0
F1
78
05
25
93
E6
8B
07
EF
72
86
01
7C
13
85
#P
00
01
02
03
04
05
06
07
08
09
0A
#T
E3
38
72
05
40
8D
96
C0
C5
4F
D2
C2
CA
37
D3
E4
#P
00
01
02
03
04
05
06
07
08
09
0A
#T
2B
B2
FE
B6
ED
EB
D3
DA
D3
E6
78
78
BD
DC
FB
E2
#P
00
01
02
03
04
05
06
07
08
09
0A
#T
FE
BA
E6
9E
F0
21
58
91
68
7E
E4
90
D4
9F
D3
A4
#P
00
01
02
03
04
05
06
07
08
09
0A
#T
F3
CF
15
D6
30
11
B5
93
7D
9E
B6
4F
AB
EF
B9
39
#P
00
01
02
03
04
05
06
07
08
09
0A
0B
#T
30
93
99
5C
E1
7B
B5
C5
4D
09
01
C5
80
22
06
C0
#P
00
01
02
03
04
05
06
07
08
09
0A
0B
#T
0E
4C
FE
55
D3
76
61
CA
C5
94
FC
56
04
60
17
3E
#P
00
01
02
03
04
05
06
07
08
09
0A
0B
#T
2F
45
49
B7
C9
35
B5
48
B1
EA
9D
1B
B6
0F
04
82
#P
00
01
02
03
04
05
06
07
08
09
0A
0B
#T
58
1B
7D
C6
7F
94
4E
64
AE
C3
1E
A5
C5
B3
C8
3A
#P
00
01
02
03
04
05
06
07
08
09
0A
0B
#T
53
47
0A
07
CA
C8
97
45
16
BC
04
3D
60
C5
8A
07
#P
00
01
02
03
04
05
06
07
08
09
0A
0B
#T
A8
BD
91
9A
92
C8
D1
83
13
FF
4E
FB
DF
D0
BA
9F
#P
00
01
02
03
04
05
06
07
08
09
0A
0B
#T
F0
BA
F4
18
FA
C0
3C
C5
D5
89
CB
CE
69
E8
DB
D2
#P
00
01
02
03
04
05
06
07
08
09
0A
0B
#T
C3
8A
F4
2C
07
C4
B1
09
16
1A
9A
A2
DA
8E
C6
AD
#P
00
01
02
03
04
05
06
07
08
09
0A
0B
#T
8E
FE
FD
AD
B8
89
C1
03
D1
8E
AE
C9
E0
61
A7
55
#P
00
01
02
03
04
05
06
07
08
09
0A
0B
#T
8D
3C
3C
01
0A
04
DA
36
90
DE
40
7B
2D
9F
FF
B6
#P
00
01
02
03
04
05
06
07
08
09
0A
0B
#T
BE
03
58
F7
C2
85
E5
5C
61
6E
8F
86
57
6A
2C
3E
#P
00
01
02
03
04
05
06
07
08
09
0A
0B
#T
99
94
53
FF
96
85
32
FE
4C
8C
CF
33
D9
9A
3D
C5
#P
00
01
02
03
04
05
06
07
08
09
0A
0B
#T
63
83
D5
DD
9D
D6
F6
78
36
CD
B5
4A
DD
D0
7F
6F
#P
00
01
02
03
04
05
06
07
08
09
0A
0B
#T
94
4D
C2
0B
D6
00
69
F5
DD
32
75
33
F9
97
6E
CE
#P
00
01
02
03
04
05
06
07
08
09
0A
0B
#T
11
04
EA
E6
84
E7
6C
7B
F7
A8
3D
A3
79
17
44
A5
#P
00
01
02
03
04
05
06
07
08
09
0A
0B
#T
10
F4
FC
75
32
D5
A6
AD
76
4D
07
89
20
00
5D
CC
#P
00
01
02
03
04
05
06
07
08
09
0A
0B
0C
#T
3E
51
34
AF
62
57
CF
53
4B
C2
3B
A4
91
92
28
8D
#P
00
01
02
03
04
05
06
07
08
09
0A
0B
0C
#T
60
9C
D9
BB
56
31
78
DF
92
6E
B6
0A
A0
F8
9F
40
#P
00
01
02
03
04
05
06
07
08
09
0A
0B
0C
#T
AA
C6
9A
CF
03
CC
E7
8A
0D
A9
C5
16
B0
53
A9
23
#P
00
01
02
03
04
05
06
07
08
09
0A
0B
0C
#T
5B
EF
EE
1C
96
E2
38
6D
90
1B
A7
A7
EE
0C
B0
EA
#P
00
01
02
03
04
05
06
07
08
09
0A
0B
0C
#T
6F
32
DC
74
11
BF
E0
9A
DC
0C
62
0F
82
0A
08
4D
#P
00
01
02
03
04
05
06
07
08
09
0A
0B
0C
#T
15
C3
30
FD
8C
8C
1A
A9
99
30
9F
5E
94
31
31
60
#P
00
01
02
03
04
05
06
07
08
09
0A
0B
0C
#T
70
BD
61
97
89
4C
AF
85
AE
03
33
A3
BA
9C
D7
B9
#P
00
01
02
03
04
05
06
07
08
09
0A
0B
0C
#T
86
AB
7D
DF
1C
09
9D
7C
37
B8
8B
03
81
AE
B7
CD
#P
00
01
02
03
04
05
06
07
08
09
0A
0B
0C
#T
A3
2F
CF
68
70
68
25
AA
01
F2
3F
4B
50
F4
61
F6
#P
00
01
02
03
04
05
06
07
08
09
0A
0B
0C
#T
C3
B2
D2
FC
85
A8
0A
36
B4
CF
D2
6E
D2
A8
C4
64
#P
00
01
02
03
04
05
06
07
08
09
0A
0B
0C
#T
3B
B5
B8
B8
9F
97
A4
42
D3
F7
26
BE
72
58
BA
4E
#P
00
01
02
03
04
05
06
07
08
09
0A
0B
0C
#T
4D
D2
5E
7D
B7
94
9F
6F
F7
07
F9
1D
7F
D8
1D
CA
#P
00
01
02
03
04
05
06
07
08
09
0A
0B
0C
#T
CF
30
03
30
BB
69
24
DB
DB
ED
33
C0
99
57
72
48
#P
00
01
02
03
04
05
06
07
08
09
0A
0B
0C
#T
19
B8
69
08
DA
EA
07
7F
65
86
F7
64
4A
84
95
9D
#P
00
01
02
03
04
05
06
07
08
09
0A
0B
0C
#T
4E
0C
2E
CF
75
A5
2B
E5
E4
66
60
56
0E
76
DD
51
#P
00
01
02
03
04
05
06
07
08
09
0A
0B
0C
#T
4A
38
90
B4
ED
9C
01
B8
06
A9
41
37
67
97
C9
7E
#P
00
01
02
03
04
05
06
07
08
09
0A
0B
0C
0D
#T
F6
BC
C1
53
51
1B
84
33
48
B8
36
34
47
C9
DB
E4
#P
00
01
02
03
04
05
06
07
08
09
0A
0B
0C
0D
#T
87
5B
CE
C9
93
7D
1A
9B
1C
3A
4C
E1
17
92
8F
96
#P
00
01
02
03
04
05
06
07
08
09
0A
0B
0C
0D
#T
56
A9
6B
95
B1
4D
29
5C
D4
02
B9
C0
C3
35
F4
91
#P
00
01
02
03
04
05
06
07
08
09
0A
0B
0C
0D
#T
57
50
55
DD
36
54
7C
EA
3C
CC
20
8E
0C
2D
79
D0
#P
00
01
02
03
04
05
06
07
08
09
0A
0B
0C
0D
#T
B4
C9
DD
8F
DF
D8
35
52
BC
CB
88
CE
CA
31
1D
84
#P
00
01
02
03
04
05
06
07
08
09
0A
0B
0C
0D
#T
99
A4
94
61
AF
83
80
4C
6A
6B
E0
4F
C4
43
5E
31
#P
00
01
02
03
04
05
06
07
08
09
0A
0B
0C
0D
#T
D5
45
41
7F
36
A1
C2
E8
16
3C
DB
72
EA
47
50
C2
#P
00
01
02
03
04
05
06
07
08
09
0A
0B
0C
0D
#T
54
C4
2C
55
3C
FE
29
D6
0D
BB
FD
69
F2
5D
02
B8
#P
00
01
02
03
04
05
06
07
08
09
0A
0B
0C
0D
#T
E3
03
49
8A
2F
DD
BA
DD
DB
BD
6E
E8
8A
34
8A
BB
#P
00
01
02
03
04
05
06
07
08
09
0A
0B
0C
0D
#T
3D
66
B5
1E
B2
04
54
2B
64
FA
BF
09
9B
C4
8E
48
#P
00
01
02
03
04
05
06
07
08
09
0A
0B
0C
0D
#T
0A
5D
6C
81
0C
9F
7B
FF
18
89
F8
31
3E
18
89
45
#P
00
01
02
03
04
05
06
07
08
09
0A
0B
0C
0D
#T
61
E0
E6
0C
34
D2
F6
04
E5
72
2E
C7
61
4F
6A
3E
#P
00
01
02
03
04
05
06
07
08
09
0A
0B
0C
0D
#T
76
76
7B
EE
AB
63
DA
D4
8A
14
2E
5C
E5
44
D8
97
#P
00
01
02
03
04
05
06
07
08
09
0A
0B
0C
0D
#T
77
5E
38
F0
13
B7
E0
E7
C8
26
13
34
BB
A5
94
71
#P
00
01
02
03
04
05
06
07
08
09
0A
0B
0C
0D
#T
3A
5B
B2
8C
BF
61
2D
30
F9
A5
8B
B1
3A
DE
0F
70
#P
00
01
02
03
04
05
06
07
08
09
0A
0B
0C
0D
#T
9F
21
0C
16
A4
B0
26
73
5C
3C
59
61
07
36
4A
47
#P
00
01
02
03
04
05
06
07
08
09
0A
0B
0C
0D
0E
#T
DF
2B
83
13
D6
F7
4A
CB
A8
20
76
17
BD
25
35
5C
#P
00
01
02
03
04
05
06
07
08
09
0A
0B
0C
0D
0E
#T
B6
7B
12
73
57
D9
5A
4D
8A
96
71
58
E8
4C
CB
C2
#P
00
01
02
03
04
05
06
07
08
09
0A
0B
0C
0D
0E
#T
40
A5
A3
96
BF
2C
BC
CE
E7
97
9A
58
5F
A2
2C
BA
#P
00
01
02
03
04
05
06
07
08
09
0A
0B
0C
0D
0E
#T
9B
B0
52
9E
A2
A4
E8
6A
83
00
40
9B
22
71
3E
85
#P
00
01
02
03
04
05
06
07
08
09
0A
0B
0C
0D
0E
#T
34
3C
38
2D
DA
FB
F7
49
28
B3
CC
5A
DE
42
8F
6C
#P
00
01
02
03
04
05
06
07
08
09
0A
0B
0C
0D
0E
#T
F2
F8
A0
21
1C
C2
2F
E8
BC
36
C2
01
25
1F
29
C5
#P
00
01
02
03
04
05
06
07
08
09
0A
0B
0C
0D
0E
#T
1E
AD
5D
08
3C
59
5B
9D
D4
D7
87
BF
F9
F7
96
54
#P
00
01
02
03
04
05
06
07
08
09
0A
0B
0C
0D
0E
#T
B6
7D
6F
35
86
B9
94
31
1F
81
B0
89
D1
D8
D1
EC
#P
00
01
02
03
04
05
06
07
08
09
0A
0B
0C
0D
0E
#T
AD
CE
7C
60
92
A4
A9
61
23
BB
26
85
8D
1B
F9
0B
#P
00
01
02
03
04
05
06
07
08
09
0A
0B
0C
0D
0E
#T
A3
6F
61
1E
DA
2E
4F
8E
CF
EB
AE
76
13
F5
72
0F
#P
00
01
02
03
04
05
06
07
08
09
0A
0B
0C
0D
0E
#T
E8
22
15
FB
0A
BB
25
7C
9C
E8
AB
05
69
9D
3E
B3
#P
00
01
02
03
04
05
06
07
08
09
0A
0B
0C
0D
0E
#T
7B
51
F2
A0
0A
65
51
AB
B0
5E
9F
A9
E5
B1
29
19
#P
00
01
02
03
04
05
06
07
08
09
0A
0B
0C
0D
0E
#T
20
E9
0B
E5
63
06
2D
BE
79
D9
F9
81
F6
06
7D
C4
#P
00
01
02
03
04
05
06
07
08
09
0A
0B
0C
0D
0E
#T
D3
6D
73
BB
4D
BC
8F
DF
A3
5E
FD
30
D1
22
B4
F1
#P
00
01
02
03
04
05
06
07
08
09
0A
0B
0C
0D
0E
#T
9D
72
BE
B2
B0
AF
4C
3A
64
74
0F
11
43
1C
CB
79
#P
00
01
02
03
04
05
06
07
08
09
0A
0B
0C
0D
0E
#T
D2
97
C8
89
B8
51
46
9C
D0
DA
C4
DD
2A
F8
EA
A9
#P
00
01
02
03
04
05
06
07
08
09
0A
0B
0C
0D
0E
0F
#T
EC
CE
D9
D9
1B
A0
53
39
E9
5C
7B
B7
CD
F7
0F
46
#P
00
01
02
03
04
05
06
07
08
09
0A
0B
0C
0D
0E
0F
#T
76
FD
F1
36
68
51
2F
96
04
39
A4
CC
0A
A5
49
C7
#P
00
01
02
03
04
05
06
07
08
09
0A
0B
0C
0D
0E
0F
#T
44
2D
9C
02
5B
D6
36
C2
4B
21
D8
BD
20
AE
36
E6
#P
00
01
02
03
04
05
06
07
08
09
0A
0B
0C
0D
0E
0F
#T
72
D0
73
05
2E
32
27
06
F5
0B
D7
F6
96
7B
89
D8
#P
00
01
02
03
04
05
06
07
08
09
0A
0B
0C
0D
0E
0F
#T
5C
27
FC
BF
3F
9D
16
7B
7E
CE
86
BA
C4
2D
BF
C7
#P
00
01
02
03
04
05
06
07
08
09
0A
0B
0C
0D
0E
0F
#T
06
BC
23
32
0F
5A
76
3F
5A
C3
7B
EC
B5
07
A2
91
#P
00
01
02
03
04
05
06
07
08
09
0A
0B
0C
0D
0E
0F
#T
5D
A2
74
73
9D
B0
42
D0
BE
3C
B6
B9
6D
76
48
BE
#P
00
01
02
03
04
05
06
07
08
09
0A
0B
0C
0D
0E
0F
#T
7A
EB
50
B0
9F
5C
AD
8A
48
6A
97
08
38
E8
6E
69
#P
00
01
02
03
04
05
06
07
08
09
0A
0B
0C
0D
0E
0F
#T
E6
79
78
43
C9
14
B7
3B
3A
87
7B
B3
9C
2B
C2
1C
#P
00
01
02
03
04
05
06
07
08
09
0A
0B
0C
0D
0E
0F
#T
A7
57
78
52
D2
F2
F6
B5
82
56
C3
0D
EE
11
62
49
#P
00
01
02
03
04
05
06
07
08
09
0A
0B
0C
0D
0E
0F
#T
AA
E9
42
EF
AD
D6
09
6E
B4
31
C2
09
F0
E5
A7
A9
#P
00
01
02
03
04
05
06
07
08
09
0A
0B
0C
0D
0E
0F
#T
D7
7D
BE
A0
C2
B8
8E
49
A6
CD
CA
7B
9F
31
01
10
#P
00
01
02
03
04
05
06
07
08
09
0A
0B
0C
0D
0E
0F
#T
6C
5D
A4
94
E5
97
04
AB
9F
A6
37
4A
69
78
5D
F2
#P
00
01
02
03
04
05
06
07
08
09
0A
0B
0C
0D
0E
0F
#T
35
56
6D
64
C0
C1
5C
2B
78
0E
7C
51
30
6C
D6
DE
#P
00
01
02
03
04
05
06
07
08
09
0A
0B
0C
0D
0E
0F
#T
FA
00
23
30
97
D8
7A
4D
A8
CB
56
DF
3F
C9
40
FB
#P
00
01
02
03
04
05
06
07
08
09
0A
0B
0C
0D
0E
0F
#T
9E
82
52
8F
9E
5E
44
36
26
01
98
9E
B4
E0
BC
3E
