#P
00
#T
24
02
AD
B8
9B
9C
5C
41
EC
0B
38
68
64
B4
D1
3A
#P
00
#T
C2
F0
70
56
20
2B
9C
19
75
73
C4
88
6A
DB
65
6C
#P
00
#T
1B
F8
3D
9A
04
4D
48
2D
E6
A8
E3
2C
47
FD
06
65
#P
00
#T
5A
81
2D
19
C3
46
53
75
34
A7
BE
DC
0F
8B
42
79
#P
00
#T
FE
0D
2E
63
34
62
8A
C7
16
F0
38
10
A1
B8
D5
4F
#P
00
#T
6E
61
D1
D2
D9
19
41
BC
32
D9
F5
24
E0
81
6C
74
#P
00
#T
56
64
1F
19
BD
E9
C6
DC
D0
7D
A4
0A
1D
06
55
CD
#P
00
#T
E1
1A
8A
71
B3
98
72
EA
9C
8D
83
9E
BB
AE
AC
96
#P
00
#T
CE
6B
C7
A5
7B
99
42
EA
25
3A
8D
63
5C
E1
F5
5A
