#C
2E
#T
24
02
AD
B8
9B
9C
5C
41
EC
0B
38
68
64
B4
D1
3A
#C
2E
#T
C2
F0
70
56
20
2B
9C
19
75
73
C4
88
6A
DB
65
6C
#C
4C
#T
1B
F8
3D
9A
04
4D
48
2D
E6
A8
E3
2C
47
FD
06
65
#C
1C
#T
5A
81
2D
19
C3
46
53
75
34
A7
BE
DC
0F
8B
42
79
#C
1C
#T
FE
0D
2E
63
34
62
8A
C7
16
F0
38
10
A1
B8
D5
4F
#C
1C
#T
6E
61
D1
D2
D9
19
41
BC
32
D9
F5
24
E0
81
6C
74
#C
1C
#T
56
64
1F
19
BD
E9
C6
DC
D0
7D
A4
0A
1D
06
55
CD
#C
10
#T
E1
1A
8A
71
B3
98
72
EA
9C
8D
83
9E
BB
AE
AC
96
#C
4C
#T
CE
6B
C7
A5
7B
99
42
EA
25
3A
8D
63
5C
E1
F5
5A
#C
4C
#T
09
DA
38
3E
2F
08
00
B9
C3
22
2E
06
F4
4C
B7
2C
#C
1F
#T
D2
A2
81
56
C3
12
5E
94
8A
2A
F0
C9
F2
EE
F8
F5
#C
7F
#T
F1
BD
3D
6D
BB
0E
31
0F
CA
01
2E
BA
5A
A8
79
81
#C
7F
#T
63
57
D4
F0
D0
3C
8B
45
3F
02
84
72
6C
E4
A3
77
#C
7F
#T
89
59
51
EB
DC
21
01
6F
E7
56
B0
3F
6E
1C
85
3C
#C
7F
#T
D7
A0
77
97
A0
BE
C8
4A
CD
2C
EC
B6
12
19
74
39
#C
7F
#T
1D
69
5C
04
35
D7
BE
FD
98
34
C9
6A
5F
E1
75
8A
#C
2E
54
#T
E5
FD
5B
03
CC
95
72
BD
25
D8
74
05
78
A1
A6
A4
#C
2E
73
#T
F7
83
F7
EF
FC
75
D4
7F
3A
57
E7
59
B1
82
A5
D0
#C
4C
73
#T
09
76
9B
80
ED
85
05
98
91
3D
35
E9
F1
CD
40
B3
#C
1C
71
#T
3C
83
4F
CA
2E
A8
98
53
81
9E
8F
BB
EB
1F
F3
5D
#C
1C
71
#T
32
6E
34
B1
03
96
5D
03
AB
C0
86
FF
27
C6
19
C4
#C
1C
71
#T
38
1B
7E
72
5B
E5
00
FC
6B
FA
C0
CB
36
DF
68
D3
#C
1C
71
#T
07
74
C9
6C
B8
75
C2
C3
96
BE
41
37
2A
57
5E
D4
#C
10
71
#T
A1
DA
FB
20
16
A8
B0
3E
23
76
23
D8
D0
A8
A7
3C
#C
4C
7D
#T
69
62
D9
12
CE
7F
E8
54
F8
87
EA
86
3E
1C
1B
AF
#C
4C
23
#T
54
45
E4
F2
1C
B2
18
B4
ED
C6
1A
D9
4C
B5
F1
B1
#C
1F
23
#T
61
C3
E5
78
08
FD
E8
6B
A1
AE
EC
D2
CB
23
6C
F2
#C
7F
20
#T
BE
A5
E3
0F
94
63
0D
CF
F0
84
84
95
69
85
C0
E6
#C
7F
40
#T
CC
AE
4F
89
BE
FC
C1
96
93
D2
D1
1C
22
16
A6
73
#C
7F
40
#T
42
36
25
22
31
E2
6B
F8
09
A7
14
73
AE
B3
45
33
#C
7F
40
#T
D3
84
F3
12
1F
25
A4
14
C4
ED
12
E8
59
3B
50
4F
#C
7F
40
#T
9C
D0
C0
1C
0D
30
DE
93
9E
B3
E3
0D
3C
43
53
FA
#C
2E
54
5C
#T
BB
8C
2B
76
91
48
88
EA
61
30
B9
75
8C
E0
85
4B
#C
2E
73
5A
#T
CC
48
9C
0A
DC
39
CD
83
FD
7A
70
9F
88
D1
39
7F
#C
4C
73
7E
#T
B7
7A
FD
1A
A6
9F
05
B4
5F
47
D0
5E
91
95
59
7D
#C
1C
71
7E
#T
80
CA
23
CA
95
FE
84
99
4B
48
31
85
22
C2
F6
24
#C
1C
71
5C
#T
D0
9B
C3
93
62
70
22
40
10
5E
DC
F5
D9
40
54
4B
#C
1C
71
6C
#T
78
40
76
C5
C6
84
51
4B
1F
D1
9A
3B
28
91
0B
A4
#C
1C
71
6C
#T
BB
E9
09
39
E1
F7
7F
2F
6C
0B
0E
99
41
64
C6
89
#C
10
71
6C
#T
4A
CD
F6
63
D7
5E
C5
61
15
CF
F7
4A
B6
90
C2
CE
#C
4C
7D
6C
#T
77
31
21
E6
CE
11
11
22
C1
BE
5D
57
59
CB
96
B7
#C
4C
23
60
#T
51
0C
6E
1A
90
3C
F2
86
70
C7
7A
E7
EC
CF
00
07
#C
1F
23
38
#T
60
91
5C
B3
20
A9
C7
82
B1
7B
B8
D7
29
71
1F
32
#C
7F
20
38
#T
FF
60
23
99
87
E7
DA
CC
EA
45
82
C8
0A
E0
75
E8
#C
7F
40
2A
#T
AA
0E
E7
4B
A8
35
BA
02
B5
1F
9B
5C
5C
02
AF
89
#C
7F
40
AA
#T
4C
91
12
58
F5
97
D4
AC
50
D9
76
69
48
9E
84
3A
#C
7F
40
AA
#T
A4
E3
7D
71
D3
B1
92
91
31
82
3D
9B
F8
65
F5
7F
#C
7F
40
AA
#T
32
CF
3A
4A
99
46
E3
F7
AE
6C
4C
D8
FB
7B
AB
19
#C
2E
54
5C
79
#T
51
7B
C1
35
7E
8D
8E
20
64
18
7A
35
ED
50
90
72
#C
2E
73
5A
79
#T
F1
E9
98
C1
B0
B8
B7
DC
66
7E
17
F8
FF
05
C3
91
#C
4C
73
7E
7F
#T
70
7D
A1
67
23
C1
88
92
87
E4
74
77
D8
3C
43
C8
#C
1C
71
7E
5A
#T
24
90
28
C6
E4
92
AA
0D
3F
6D
99
3C
94
E5
04
73
#C
1C
71
5C
5A
#T
2B
7A
2A
A8
CC
28
68
46
2A
65
9E
3E
43
76
F0
8D
#C
1C
71
6C
1A
#T
AE
37
27
19
F8
81
5E
56
A2
B9
5D
09
63
7B
37
CF
#C
1C
71
6C
1A
#T
E3
8D
DD
2E
F6
22
F5
8D
5D
7B
69
7D
8C
5B
25
92
#C
10
71
6C
1A
#T
EA
42
77
F5
C0
0E
19
16
BE
0A
55
2A
32
66
76
3E
#C
4C
7D
6C
1A
#T
63
BC
9D
D3
94
1B
FC
C2
FD
0B
8C
1B
E2
CB
CF
F8
#C
4C
23
60
1A
#T
75
9B
59
2D
96
14
D7
06
A7
E5
60
1A
B1
66
95
50
#C
1F
23
38
16
#T
16
D4
26
99
9F
05
55
B7
22
66
0D
9D
23
C5
84
74
#C
7F
20
38
4C
#T
C3
D7
1F
A4
94
55
1C
F5
72
F8
58
8A
25
FA
97
2B
#C
7F
40
2A
4C
#T
C3
66
94
16
35
A6
43
02
38
4F
3B
2C
56
6C
C2
DF
#C
7F
40
AA
2D
#T
AF
C5
A6
A8
D4
76
2F
35
2D
E4
2E
77
BC
03
64
8A
#C
7F
40
AA
2D
#T
B0
BE
0B
96
FB
A6
2F
EA
7C
D1
B7
DE
9B
FD
20
F6
#C
7F
40
AA
2D
#T
AA
85
69
AE
04
E9
C6
4F
67
6E
00
EB
05
9F
DC
49
#C
2E
54
5C
79
BB
#T
70
10
F2
7B
CA
22
72
9A
11
A2
E8
87
CE
7C
1E
D9
#C
2E
73
5A
79
BB
#T
02
00
D2
79
5E
87
FC
D9
2C
0C
0D
83
32
90
7E
8C
#C
4C
73
7E
7F
BB
#T
BC
56
4A
CD
4E
72
95
AA
49
D2
9D
B6
1D
C4
32
5E
#C
1C
71
7E
5A
BD
#T
78
C6
63
34
E3
72
4A
AB
DA
A8
D5
BD
12
04
93
F7
#C
1C
71
5C
5A
9F
#T
F3
92
15
6D
89
53
DB
8E
CC
26
86
22
35
19
82
96
#C
1C
71
6C
1A
9F
#T
7F
53
A4
67
5E
B3
A6
E7
6A
1A
AE
85
11
A8
6A
1A
#C
1C
71
6C
1A
DD
#T
BB
3B
15
4E
30
15
69
B3
33
21
CF
4D
EF
44
4F
18
#C
10
71
6C
1A
CD
#T
D3
D0
FA
18
81
94
83
C8
78
E3
85
B0
56
1D
31
B1
#C
4C
7D
6C
1A
CD
#T
5E
65
77
66
34
D1
B9
7E
30
23
A8
8B
C3
38
0D
6F
#C
4C
23
60
1A
CD
#T
74
D6
AC
F0
34
36
0E
5A
34
AC
FF
DB
3D
1F
BC
88
#C
1F
23
38
16
CD
#T
1A
BF
E0
92
D3
13
55
E0
7D
C3
A5
E7
CA
6D
8C
83
#C
7F
20
38
4C
C1
#T
ED
C1
30
2C
25
29
29
57
47
A8
2F
D6
5D
E5
9C
C1
#C
7F
40
2A
4C
95
#T
B5
F9
53
B9
99
72
5E
99
78
F3
E9
1D
CE
09
5B
F6
#C
7F
40
AA
2D
95
#T
C8
26
30
BD
BE
D6
67
5E
48
B7
40
68
7C
D2
F6
EA
#C
7F
40
AA
2D
F7
#T
83
19
47
41
50
92
0D
A7
3D
0D
39
86
6A
6F
0F
84
#C
7F
40
AA
2D
37
#T
FE
B7
F1
83
97
5F
93
94
FA
91
EB
80
E4
B2
C4
25
#C
2E
54
5C
79
BB
89
#T
C8
F4
91
06
8A
89
09
A6
98
4E
09
AF
67
29
43
48
#C
2E
73
5A
79
BB
89
#T
D9
7A
B5
F7
05
94
03
41
AD
48
3D
97
9C
B5
A4
8A
#C
4C
73
7E
7F
BB
89
#T
ED
CD
26
E7
83
90
6A
AE
F0
0D
4D
13
0F
B4
41
6E
#C
1C
71
7E
5A
BD
89
#T
6F
C6
BA
94
33
B1
DA
A5
C6
3E
2E
84
BE
4C
33
BA
#C
1C
71
5C
5A
9F
8F
#T
71
08
2C
D0
96
03
92
B5
7C
C9
C2
99
F4
EA
70
C2
#C
1C
71
6C
1A
9F
AC
#T
6B
93
D9
DC
B0
D5
06
CB
03
39
59
F9
7E
E6
7F
A0
#C
1C
71
6C
1A
DD
AC
#T
BA
CA
7D
3B
9A
00
F4
5B
17
F8
46
9F
C7
FA
63
F8
#C
10
71
6C
1A
CD
FE
#T
5B
F7
D0
0A
2C
81
D1
3E
C2
F9
AC
D8
BA
A6
E8
41
#C
4C
7D
6C
1A
CD
2E
#T
F1
3B
55
7C
8C
13
5E
95
79
33
06
FB
99
0E
5E
20
#C
4C
23
60
1A
CD
2E
#T
10
CC
1E
88
2E
D0
FD
85
C9
B2
49
03
63
81
1D
9B
#C
1F
23
38
16
CD
2E
#T
33
CF
3E
1A
EA
85
76
87
11
2B
99
66
64
9A
3B
47
#C
7F
20
38
4C
C1
2E
#T
95
D3
9A
E9
96
4F
9D
C2
0A
E6
91
CD
44
2F
99
AC
#C
7F
40
2A
4C
95
22
#T
4C
E8
2D
98
CC
17
84
E0
F6
33
CA
3F
34
00
F0
B2
#C
7F
40
AA
2D
95
74
#T
EC
2A
CC
AC
3B
B0
C0
28
E4
9C
D5
8F
18
52
67
50
#C
7F
40
AA
2D
F7
74
#T
F6
15
90
C2
B7
B1
EB
EF
19
4F
57
FA
22
8A
EC
32
#C
7F
40
AA
2D
37
E7
#T
44
86
F6
A7
A4
D1
74
18
B8
1C
43
29
DC
E5
6A
69
#C
2E
54
5C
79
BB
89
99
#T
B6
21
3B
C5
27
3D
12
A3
A0
3F
80
F8
84
D2
E2
59
#C
2E
73
5A
79
BB
89
B9
#T
E6
F3
2D
84
FA
4E
6C
AA
95
10
84
C9
34
58
5E
BD
#C
4C
73
7E
7F
BB
89
B9
#T
CB
F9
90
02
F4
07
BC
26
5B
C6
AE
6C
2E
03
0D
23
#C
1C
71
7E
5A
BD
89
B9
#T
3D
19
A1
C8
C8
A7
ED
7B
03
54
22
9D
A6
74
AB
56
#C
1C
71
5C
5A
9F
8F
B9
#T
F3
2C
20
A7
3F
8F
2B
03
E3
68
DE
C0
EA
CA
9C
5B
#C
1C
71
6C
1A
9F
AC
BF
#T
BF
93
DF
93
77
1C
B5
FC
D3
60
16
2B
E2
E1
57
28
#C
1C
71
6C
1A
DD
AC
9F
#T
86
82
A0
D8
85
43
7C
1B
8E
1C
33
B6
D0
CE
95
93
#C
10
71
6C
1A
CD
FE
9F
#T
07
53
34
CD
7A
F5
B9
58
4A
38
FA
11
FD
73
05
23
#C
4C
7D
6C
1A
CD
2E
8C
#T
18
50
F7
82
57
D7
A2
FB
02
36
73
45
1C
8B
E7
4F
#C
4C
23
60
1A
CD
2E
54
#T
C4
66
CF
1C
AF
F5
9B
93
FC
D0
5A
69
9E
C3
8E
00
#C
1F
23
38
16
CD
2E
54
#T
6C
3F
3C
31
A2
86
E8
96
38
31
13
8C
49
61
61
EC
#C
7F
20
38
4C
C1
2E
54
#T
AF
06
63
BC
E9
CA
19
83
BC
82
F9
0A
5E
35
F1
36
#C
7F
40
2A
4C
95
22
54
#T
76
9A
C0
E5
63
74
A2
3B
9F
8D
DD
0D
40
52
1F
A8
#C
7F
40
AA
2D
95
74
58
#T
AC
0A
71
4A
37
5B
2E
F4
1D
0D
95
48
FE
CC
3C
63
#C
7F
40
AA
2D
F7
74
08
#T
7F
77
16
8C
7D
4E
65
8B
B5
C8
83
E7
99
6A
8D
13
#C
7F
40
AA
2D
37
E7
08
#T
5C
2F
92
18
6B
49
3D
D5
CC
C1
BD
84
86
D2
5A
40
#C
2E
54
5C
79
BB
89
99
DA
#T
CE
CB
35
43
8F
2D
35
5D
44
2D
B2
E6
7E
42
0D
97
#C
2E
73
5A
79
BB
89
B9
FA
#T
D8
FB
D5
ED
17
3E
C4
7E
A0
36
28
A4
5B
06
55
3D
#C
4C
73
7E
7F
BB
89
B9
FA
#T
9C
AF
5A
8B
B0
28
FC
D7
16
B3
8B
28
B9
68
CF
E6
#C
1C
71
7E
5A
BD
89
B9
FA
#T
AF
9C
63
7B
30
60
D1
6A
E1
E6
FE
E5
22
2F
F7
52
#C
1C
71
5C
5A
9F
8F
B9
FA
#T
47
69
5A
3C
F3
4B
25
4E
DB
B9
CB
4F
75
D2
1B
2C
#C
1C
71
6C
1A
9F
AC
BF
FA
#T
8A
10
D7
76
90
56
D8
F5
C4
DD
48
67
1A
C2
24
C3
#C
1C
71
6C
1A
DD
AC
9F
FC
#T
A0
36
F0
22
FD
46
47
5C
8B
72
7D
61
AA
71
BB
DF
#C
10
71
6C
1A
CD
FE
9F
DD
#T
65
20
F2
DD
6A
2D
26
59
DD
04
FC
E0
98
C7
26
A4
#C
4C
7D
6C
1A
CD
2E
8C
DD
#T
A4
77
F4
00
E5
8C
2D
22
A3
38
67
67
1C
6A
76
67
#C
4C
23
60
1A
CD
2E
54
DD
#T
8A
E6
C8
8A
51
A4
19
77
D2
10
7B
F5
60
E2
8F
BA
#C
1F
23
38
16
CD
2E
54
3D
#T
F2
54
CF
85
26
8E
52
9E
51
13
E8
B9
41
F5
F7
9C
#C
7F
20
38
4C
C1
2E
54
3D
#T
3A
F5
85
8E
34
4B
C5
B0
36
B7
DE
E8
44
F8
E0
F5
#C
7F
40
2A
4C
95
22
54
3D
#T
AF
D1
B2
62
B5
85
F9
D7
D3
49
6C
8D
2A
9D
6F
31
#C
7F
40
AA
2D
95
74
58
3D
#T
A2
9C
3C
2F
5D
90
E1
C7
54
0D
80
3F
9D
1B
F4
46
#C
7F
40
AA
2D
F7
74
08
31
#T
91
FF
9C
43
6B
A1
89
DD
66
3D
3D
BF
36
56
07
44
#C
7F
40
AA
2D
37
E7
08
63
#T
18
A9
79
76
AF
F9
91
FE
F0
0C
71
B3
FE
DF
DD
4C
#C
2E
54
5C
79
BB
89
99
DA
91
#T
66
32
EF
FF
6F
24
9E
64
18
DB
EC
87
33
BE
EA
C9
#C
2E
73
5A
79
BB
89
B9
FA
91
#T
5C
E4
1F
90
F5
A8
D8
A5
D1
48
ED
DC
F2
66
C1
9D
#C
4C
73
7E
7F
BB
89
B9
FA
11
#T
3D
84
B7
38
67
E4
C3
AD
32
34
7E
F2
0E
E8
3A
7E
#C
1C
71
7E
5A
BD
89
B9
FA
B1
#T
CE
BA
16
20
C5
E0
31
B0
B4
EA
FB
4B
80
2D
1F
69
#C
1C
71
5C
5A
9F
8F
B9
FA
B1
#T
09
36
1C
63
C4
B5
B4
DA
E9
B5
2B
CB
6C
88
FB
BC
#C
1C
71
6C
1A
9F
AC
BF
FA
75
#T
72
E3
31
5B
80
9B
7E
59
E7
04
85
0D
B0
65
F4
23
#C
1C
71
6C
1A
DD
AC
9F
FC
75
#T
19
EF
AA
2B
01
0B
D8
1F
36
0D
0A
D0
4A
9B
19
35
#C
10
71
6C
1A
CD
FE
9F
DD
75
#T
DF
35
B1
C3
1D
A4
B2
E2
9B
97
45
23
01
D5
C0
B4
#C
4C
7D
6C
1A
CD
2E
8C
DD
F5
#T
8D
41
B8
38
0C
44
AB
D8
26
EE
BE
86
36
80
C8
F8
#C
4C
23
60
1A
CD
2E
54
DD
F5
#T
79
E1
0D
B6
83
14
C7
0B
CC
3E
33
CC
3D
B0
D7
6B
#C
1F
23
38
16
CD
2E
54
3D
F5
#T
95
7E
89
7A
B3
7A
CF
41
4E
8A
B6
25
AD
BE
F9
15
#C
7F
20
38
4C
C1
2E
54
3D
F5
#T
47
9F
8C
7D
A0
DA
78
BF
D9
73
47
DF
53
D4
04
5E
#C
7F
40
2A
4C
95
22
54
3D
F5
#T
E5
2D
CD
F7
9D
1F
7B
F7
9B
B0
17
A5
9C
91
F7
60
#C
7F
40
AA
2D
95
74
58
3D
F5
#T
A4
CF
1C
A7
3F
90
D1
85
12
E5
9A
40
F4
7E
25
5C
#C
7F
40
AA
2D
F7
74
08
31
F5
#T
A1
E7
81
19
33
C3
05
60
23
50
3F
0F
5C
A1
ED
78
#C
7F
40
AA
2D
37
E7
08
63
F5
#T
4A
63
20
16
B7
7C
54
F2
0F
1A
8F
6F
AE
62
75
DC
#C
2E
54
5C
79
BB
89
99
DA
91
5E
#T
03
AF
F7
BB
4B
F7
DD
48
96
89
97
E5
E2
8F
C8
F9
#C
2E
73
5A
79
BB
89
B9
FA
91
5E
#T
C1
F1
D0
7B
80
DF
61
A0
08
A0
23
7E
59
FB
BF
CB
#C
4C
73
7E
7F
BB
89
B9
FA
11
5E
#T
70
A2
06
88
9B
C5
E2
73
F7
81
CF
DA
20
05
81
38
#C
1C
71
7E
5A
BD
89
B9
FA
B1
1E
#T
55
B1
ED
7B
91
D2
31
3B
78
3B
7B
CC
EE
52
5A
CB
#C
1C
71
5C
5A
9F
8F
B9
FA
B1
5E
#T
5A
9F
C2
38
53
48
BB
1B
A9
5D
98
51
82
83
7C
B9
#C
1C
71
6C
1A
9F
AC
BF
FA
75
5E
#T
A8
1F
AD
D9
2C
73
AD
1D
D0
F7
6C
68
5F
E4
1A
F1
#C
1C
71
6C
1A
DD
AC
9F
FC
75
9A
#T
DB
E7
C3
63
5D
78
7E
C8
D2
8B
08
33
B8
97
3D
EE
#C
10
71
6C
1A
CD
FE
9F
DD
75
BA
#T
57
FE
DD
03
EE
2C
6F
32
34
8B
A0
30
70
1C
58
C3
#C
4C
7D
6C
1A
CD
2E
8C
DD
F5
BA
#T
3C
8A
D7
03
17
2C
CC
C0
38
AA
D8
F4
00
AF
26
D2
#C
4C
23
60
1A
CD
2E
54
DD
F5
BA
#T
5B
67
51
99
92
34
1E
04
B2
F2
21
9C
80
70
27
C1
#C
1F
23
38
16
CD
2E
54
3D
F5
BA
#T
21
0E
5A
71
5D
0F
94
9A
6A
3E
B5
43
33
B5
0E
E4
#C
7F
20
38
4C
C1
2E
54
3D
F5
BA
#T
25
5E
57
B1
4D
AF
30
F6
A6
D9
28
73
D4
EA
4C
46
#C
7F
40
2A
4C
95
22
54
3D
F5
BA
#T
9C
DF
87
77
C5
53
63
BE
71
03
7A
B4
5A
E5
AA
40
#C
7F
40
AA
2D
95
74
58
3D
F5
BA
#T
0E
94
FE
9B
65
BB
4B
47
E5
05
4B
94
DD
58
0D
46
#C
7F
40
AA
2D
F7
74
08
31
F5
BA
#T
64
52
DC
1D
61
5D
85
21
F9
4E
26
66
B2
8D
E7
7D
#C
7F
40
AA
2D
37
E7
08
63
F5
BA
#T
6B
82
49
3F
E5
BB
14
13
35
E2
A8
4A
CD
8B
A6
BC
#C
2E
54
5C
79
BB
89
99
DA
91
5E
5E
#T
9F
5E
3F
D5
50
20
1B
37
AD
B2
63
DB
60
B9
59
15
#C
2E
73
5A
79
BB
89
B9
FA
91
5E
5E
#T
20
67
C6
50
6B
77
32
52
F5
0D
47
6D
E5
5E
59
31
#C
4C
73
7E
7F
BB
89
B9
FA
11
5E
5E
#T
E5
E9
75
94
10
44
86
E2
C6
E8
79
6D
56
60
78
DA
#C
1C
71
7E
5A
BD
89
B9
FA
B1
1E
5E
#T
BA
DC
C6
36
01
91
23
2F
8D
AE
06
69
59
DB
22
21
#C
1C
71
5C
5A
9F
8F
B9
FA
B1
5E
9A
#T
87
B2
D5
4C
EB
03
4D
F6
21
E8
CC
B5
83
39
68
87
#C
1C
71
6C
1A
9F
AC
BF
FA
75
5E
DA
#T
27
71
5E
1C
42
74
5C
45
0F
69
38
4B
5C
01
9B
C4
#C
1C
71
6C
1A
DD
AC
9F
FC
75
9A
DA
#T
0C
E8
FD
5C
F3
A6
66
D1
B8
D5
6C
4C
31
C3
A6
12
#C
10
71
6C
1A
CD
FE
9F
DD
75
BA
DE
#T
6A
C6
72
F2
23
1E
F5
82
8C
DE
83
C8
2A
BD
91
D7
#C
4C
7D
6C
1A
CD
2E
8C
DD
F5
BA
DE
#T
43
2D
DC
13
AA
BF
24
C5
E2
92
34
00
8F
BE
79
1D
#C
4C
23
60
1A
CD
2E
54
DD
F5
BA
DE
#T
CE
E1
34
E0
87
13
CC
70
7D
7E
B9
FB
4D
D2
EF
7D
#C
1F
23
38
16
CD
2E
54
3D
F5
BA
DE
#T
1B
DB
99
D6
53
FB
FE
3B
C3
59
7D
84
43
C2
53
25
#C
7F
20
38
4C
C1
2E
54
3D
F5
BA
DE
#T
CD
50
8B
01
2F
18
6E
76
FB
DD
C9
6A
A2
48
13
95
#C
7F
40
2A
4C
95
22
54
3D
F5
BA
DE
#T
A4
A5
71
21
75
DB
47
36
62
34
6B
A1
3D
89
DE
C0
#C
7F
40
AA
2D
95
74
58
3D
F5
BA
DE
#T
D2
A1
C7
66
0C
60
E3
EA
C5
A9
F8
64
25
6E
E4
E4
#C
7F
40
AA
2D
F7
74
08
31
F5
BA
DE
#T
1D
BC
EC
8C
73
6E
58
16
23
33
13
A9
7E
49
CA
F6
#C
7F
40
AA
2D
37
E7
08
63
F5
BA
DE
#T
23
0A
35
1D
56
C1
E4
9C
30
C4
21
18
65
5F
99
00
#C
2E
54
5C
79
BB
89
99
DA
91
5E
5E
57
#T
23
41
A1
58
8B
5C
DF
07
69
61
A8
45
6F
6F
70
09
#C
2E
73
5A
79
BB
89
B9
FA
91
5E
5E
B7
#T
30
1F
A8
14
B7
20
C2
FA
7D
0A
8F
50
83
AF
B3
89
#C
4C
73
7E
7F
BB
89
B9
FA
11
5E
5E
B7
#T
AD
CD
85
C2
55
6B
A5
4E
CB
35
F0
ED
B5
17
EC
0A
#C
1C
71
7E
5A
BD
89
B9
FA
B1
1E
5E
B7
#T
5B
C8
A2
DB
EC
56
F6
4C
5E
07
48
F7
85
54
55
40
#C
1C
71
5C
5A
9F
8F
B9
FA
B1
5E
9A
B7
#T
F8
72
2D
EF
BC
E1
4C
38
38
A7
50
DB
4C
EA
6C
F3
#C
1C
71
6C
1A
9F
AC
BF
FA
75
5E
DA
77
#T
30
60
BA
C3
73
BD
7F
3E
4C
65
80
5F
72
EA
09
E0
#C
1C
71
6C
1A
DD
AC
9F
FC
75
9A
DA
77
#T
06
5A
D8
9A
DA
18
99
93
47
41
50
46
82
4B
02
48
#C
10
71
6C
1A
CD
FE
9F
DD
75
BA
DE
77
#T
67
5C
7F
A6
66
66
9A
3D
1E
EB
44
59
BF
8D
7E
9E
#C
4C
7D
6C
1A
CD
2E
8C
DD
F5
BA
DE
77
#T
BB
74
1F
E9
53
19
6A
CD
0E
4E
8C
CA
7C
E5
AC
65
#C
4C
23
60
1A
CD
2E
54
DD
F5
BA
DE
77
#T
3D
BD
13
78
08
2F
3E
7A
60
36
25
49
B3
C4
45
77
#C
1F
23
38
16
CD
2E
54
3D
F5
BA
DE
55
#T
0B
41
2E
E7
7A
16
76
D5
1E
A7
AF
25
78
F3
61
95
#C
7F
20
38
4C
C1
2E
54
3D
F5
BA
DE
55
#T
7C
D3
21
73
B6
39
E8
80
19
54
E4
D2
98
C8
D2
33
#C
7F
40
2A
4C
95
22
54
3D
F5
BA
DE
55
#T
59
24
D9
BD
54
66
01
2C
44
94
E7
91
2B
23
C5
1F
#C
7F
40
AA
2D
95
74
58
3D
F5
BA
DE
55
#T
CD
9D
18
4E
03
3D
12
66
8E
8E
1C
2B
B4
0F
77
64
#C
7F
40
AA
2D
F7
74
08
31
F5
BA
DE
55
#T
F1
1D
0B
4D
64
9C
D4
E4
8B
91
9E
04
D4
46
24
12
#C
7F
40
AA
2D
37
E7
08
63
F5
BA
DE
55
#T
0F
72
AC
51
02
D5
0C
DD
09
32
D9
97
95
45
BE
05
#C
2E
54
5C
79
BB
89
99
DA
91
5E
5E
57
B6
#T
4A
5B
0F
A1
6F
8E
2E
E9
15
5A
10
02
88
67
2B
DE
#C
2E
73
5A
79
BB
89
B9
FA
91
5E
5E
B7
72
#T
AC
34
62
6F
E7
38
03
7F
5C
63
79
01
C6
22
66
55
#C
4C
73
7E
7F
BB
89
B9
FA
11
5E
5E
B7
F2
#T
24
0F
EA
1E
D0
F5
EE
B1
BF
2E
28
48
75
DE
37
CE
#C
1C
71
7E
5A
BD
89
B9
FA
B1
1E
5E
B7
F2
#T
0D
25
5A
96
C3
74
8C
1D
64
14
DB
DC
B9
85
AB
70
#C
1C
71
5C
5A
9F
8F
B9
FA
B1
5E
9A
B7
F2
#T
8E
0A
C8
E4
72
BA
DB
8A
83
B0
5B
7F
1E
FA
4C
AE
#C
1C
71
6C
1A
9F
AC
BF
FA
75
5E
DA
77
F2
#T
CF
65
CC
EE
61
7E
E9
3E
A6
B8
6E
C9
58
64
76
1E
#C
1C
71
6C
1A
DD
AC
9F
FC
75
9A
DA
77
B6
#T
66
5F
2C
EE
52
FE
12
5D
2E
C8
D6
03
A3
0F
73
BD
#C
10
71
6C
1A
CD
FE
9F
DD
75
BA
DE
77
B6
#T
51
46
A3
03
3B
9C
8C
40
60
A6
25
34
EB
42
A4
1A
#C
4C
7D
6C
1A
CD
2E
8C
DD
F5
BA
DE
77
B6
#T
CF
B1
D3
9B
4F
C2
8B
6B
19
01
63
AA
9B
BB
E3
C8
#C
4C
23
60
1A
CD
2E
54
DD
F5
BA
DE
77
B6
#T
FB
5D
9D
AF
A2
A2
25
FD
47
17
34
EE
53
83
88
D2
#C
1F
23
38
16
CD
2E
54
3D
F5
BA
DE
55
B6
#T
A2
71
73
A9
65
F2
43
BB
EC
DE
1E
E5
05
8E
29
5E
#C
7F
20
38
4C
C1
2E
54
3D
F5
BA
DE
55
94
#T
DC
23
00
7A
7E
86
A1
3F
F8
2C
F5
14
BB
50
40
2C
#C
7F
40
2A
4C
95
22
54
3D
F5
BA
DE
55
B4
#T
D7
86
14
4B
02
9A
DC
A4
6D
BA
53
7E
AA
27
46
62
#C
7F
40
AA
2D
95
74
58
3D
F5
BA
DE
55
B4
#T
69
36
23
69
15
2A
CD
23
91
0C
36
87
31
5C
1B
96
#C
7F
40
AA
2D
F7
74
08
31
F5
BA
DE
55
B4
#T
D4
B7
DF
D6
AE
BC
42
E5
15
E3
F0
25
09
68
00
EB
#C
7F
40
AA
2D
37
E7
08
63
F5
BA
DE
55
B4
#T
E9
8E
7A
6A
5B
4C
C6
9B
51
DC
4B
F4
9F
4B
87
94
#C
2E
54
5C
79
BB
89
99
DA
91
5E
5E
57
B6
36
#T
E0
84
FA
C3
BB
00
BB
9D
EA
6C
BF
30
3A
3F
3E
C2
#C
2E
73
5A
79
BB
89
B9
FA
91
5E
5E
B7
72
36
#T
9E
80
CF
B9
9B
20
84
BE
25
23
A9
99
46
60
25
B1
#C
4C
73
7E
7F
BB
89
B9
FA
11
5E
5E
B7
F2
F2
#T
5E
E0
9C
CA
E4
2C
99
B6
65
6E
B1
BE
E2
A9
17
D4
#C
1C
71
7E
5A
BD
89
B9
FA
B1
1E
5E
B7
F2
52
#T
F6
31
3D
06
5C
F7
B0
BF
04
99
7D
86
81
5B
0E
9F
#C
1C
71
5C
5A
9F
8F
B9
FA
B1
5E
9A
B7
F2
52
#T
F9
85
32
02
D8
6E
BB
6A
8B
A4
57
8C
3F
05
24
A2
#C
1C
71
6C
1A
9F
AC
BF
FA
75
5E
DA
77
F2
52
#T
02
65
05
7C
B7
AF
59
6E
7D
2C
9E
29
2E
EF
12
6B
#C
1C
71
6C
1A
DD
AC
9F
FC
75
9A
DA
77
B6
52
#T
23
FA
3A
72
56
F3
0D
4F
F7
76
7F
54
50
CD
7D
FB
#C
10
71
6C
1A
CD
FE
9F
DD
75
BA
DE
77
B6
52
#T
50
0D
5C
47
13
13
8C
FB
CA
08
A7
81
71
EB
EE
C8
#C
4C
7D
6C
1A
CD
2E
8C
DD
F5
BA
DE
77
B6
52
#T
85
12
D3
D7
30
58
E6
8F
9C
6C
DA
5C
AD
D8
B9
5A
#C
4C
23
60
1A
CD
2E
54
DD
F5
BA
DE
77
B6
52
#T
58
2E
1D
97
68
51
7D
68
17
11
B6
84
46
B8
FB
06
#C
1F
23
38
16
CD
2E
54
3D
F5
BA
DE
55
B6
52
#T
44
FA
05
DC
D0
F2
5C
F1
C6
AE
1D
14
3C
58
DD
B4
#C
7F
20
38
4C
C1
2E
54
3D
F5
BA
DE
55
94
52
#T
43
8B
31
E9
C4
DE
D7
6B
DC
FA
72
78
98
D6
6E
69
#C
7F
40
2A
4C
95
22
54
3D
F5
BA
DE
55
B4
30
#T
A8
CD
4F
A8
09
4C
DC
E3
62
80
1F
48
EE
2D
13
2C
#C
7F
40
AA
2D
95
74
58
3D
F5
BA
DE
55
B4
90
#T
85
A4
09
63
5A
71
06
71
DE
84
40
A8
72
29
C9
77
#C
7F
40
AA
2D
F7
74
08
31
F5
BA
DE
55
B4
90
#T
99
3E
E1
B1
92
59
5C
7C
06
A1
A5
C1
C4
11
3D
F5
#C
7F
40
AA
2D
37
E7
08
63
F5
BA
DE
55
B4
10
#T
0B
62
F8
15
38
EF
5A
CA
55
4B
54
7A
8A
B0
78
79
#C
2E
54
5C
79
BB
89
99
DA
91
5E
5E
57
B6
36
FB
#T
06
07
7E
22
D5
88
84
A1
33
23
3F
8A
FA
5E
A3
57
#C
2E
73
5A
79
BB
89
B9
FA
91
5E
5E
B7
72
36
DB
#T
8C
B0
85
E8
BB
A4
4D
29
CE
83
8D
67
6D
17
73
C5
#C
4C
73
7E
7F
BB
89
B9
FA
11
5E
5E
B7
F2
F2
DB
#T
BF
F4
FA
FF
F7
D9
6C
72
43
71
0E
25
B0
D7
40
9C
#C
1C
71
7E
5A
BD
89
B9
FA
B1
1E
5E
B7
F2
52
1F
#T
AC
AD
96
19
5D
EA
B4
F8
A0
C1
78
18
83
17
6F
DB
#C
1C
71
5C
5A
9F
8F
B9
FA
B1
5E
9A
B7
F2
52
5F
#T
CD
B7
91
F1
BB
42
6A
A1
4C
73
B5
89
FB
E9
E9
5F
#C
1C
71
6C
1A
9F
AC
BF
FA
75
5E
DA
77
F2
52
5F
#T
B5
6E
9C
D6
D3
26
6F
AF
20
21
32
A8
37
73
ED
C9
#C
1C
71
6C
1A
DD
AC
9F
FC
75
9A
DA
77
B6
52
5F
#T
4C
37
2F
1A
9E
96
B1
85
19
99
94
85
D0
09
15
AE
#C
10
71
6C
1A
CD
FE
9F
DD
75
BA
DE
77
B6
52
5F
#T
F3
2A
1D
85
6F
CC
EC
7B
48
FF
F3
48
74
45
69
92
#C
4C
7D
6C
1A
CD
2E
8C
DD
F5
BA
DE
77
B6
52
5F
#T
D6
CD
CB
92
80
EF
87
EC
E5
A8
EB
2E
1A
19
14
0D
#C
4C
23
60
1A
CD
2E
54
DD
F5
BA
DE
77
B6
52
5F
#T
AA
1B
B6
C4
9D
1B
A8
2A
ED
0A
22
BE
01
A0
A3
B1
#C
1F
23
38
16
CD
2E
54
3D
F5
BA
DE
55
B6
52
5F
#T
B5
F5
94
A2
CF
11
4E
1D
4F
B6
2F
78
60
01
D8
67
#C
7F
20
38
4C
C1
2E
54
3D
F5
BA
DE
55
94
52
5F
#T
78
12
DD
BE
85
96
7F
64
39
9C
CC
50
BE
E7
5D
06
#C
7F
40
2A
4C
95
22
54
3D
F5
BA
DE
55
B4
30
5F
#T
CB
51
72
03
35
A1
68
28
6C
E8
26
36
87
50
68
5B
#C
7F
40
AA
2D
95
74
58
3D
F5
BA
DE
55
B4
90
3F
#T
FF
51
8D
81
8F
AA
76
D8
31
F2
EB
A6
66
AD
1E
3A
#C
7F
40
AA
2D
F7
74
08
31
F5
BA
DE
55
B4
90
3F
#T
92
F7
26
01
7E
62
80
03
A5
08
F5
F8
DC
EC
B5
DA
#C
7F
40
AA
2D
37
E7
08
63
F5
BA
DE
55
B4
10
3F
#T
E9
10
AE
9D
43
A7
9D
28
B0
32
AC
6E
7E
5A
BC
72
#C
2E
54
5C
79
BB
89
99
DA
91
5E
5E
57
B6
36
FB
EA
#T
90
62
E2
CD
2B
4A
B6
F7
60
09
0A
A1
7B
59
7A
FD
#C
2E
73
5A
79
BB
89
B9
FA
91
5E
5E
B7
72
36
DB
2E
#T
AC
15
D1
39
98
8C
B2
28
62
38
6C
26
87
90
90
E9
#C
4C
73
7E
7F
BB
89
B9
FA
11
5E
5E
B7
F2
F2
DB
AE
#T
ED
CB
78
C3
31
0D
C3
E1
ED
D6
D7
74
7A
3C
1E
5E
#C
1C
71
7E
5A
BD
89
B9
FA
B1
1E
5E
B7
F2
52
1F
AE
#T
2A
CC
DA
9E
AF
9B
94
A6
58
5D
03
CC
08
23
7E
27
#C
1C
71
5C
5A
9F
8F
B9
FA
B1
5E
9A
B7
F2
52
5F
6A
#T
13
2E
18
3A
86
36
B6
5F
B9
5D
67
13
4D
50
50
67
#C
1C
71
6C
1A
9F
AC
BF
FA
75
5E
DA
77
F2
52
5F
0A
#T
C5
98
02
37
67
12
00
15
9B
DF
87
53
9C
89
E9
87
#C
1C
71
6C
1A
DD
AC
9F
FC
75
9A
DA
77
B6
52
5F
0A
#T
E2
1F
CE
27
EE
CD
70
12
60
9F
BB
C9
5D
0D
29
C8
#C
10
71
6C
1A
CD
FE
9F
DD
75
BA
DE
77
B6
52
5F
0A
#T
0F
43
1B
9A
83
1C
D2
30
97
6B
EA
1F
30
E8
4B
B7
#C
4C
7D
6C
1A
CD
2E
8C
DD
F5
BA
DE
77
B6
52
5F
0A
#T
CB
71
E1
F3
70
51
A2
1D
B3
FC
C1
A9
2E
20
E5
4B
#C
4C
23
60
1A
CD
2E
54
DD
F5
BA
DE
77
B6
52
5F
0A
#T
5B
16
90
3A
95
F6
D8
16
46
2C
77
10
97
96
9E
14
#C
1F
23
38
16
CD
2E
54
3D
F5
BA
DE
55
B6
52
5F
0A
#T
E8
30
D2
3C
40
08
19
61
1D
E3
3A
E6
4B
97
57
C4
#C
7F
20
38
4C
C1
2E
54
3D
F5
BA
DE
55
94
52
5F
0A
#T
59
EC
0A
65
A0
32
E9
ED
E6
76
B4
97
57
55
3C
8B
#C
7F
40
2A
4C
95
22
54
3D
F5
BA
DE
55
B4
30
5F
0A
#T
A2
EB
9B
A3
BC
FA
E5
66
C9
30
1A
C4
4E
2E
AD
51
#C
7F
40
AA
2D
95
74
58
3D
F5
BA
DE
55
B4
90
3F
0A
#T
FA
CD
7E
3F
26
9C
44
B7
F8
0B
BF
07
F5
D9
40
DB
#C
7F
40
AA
2D
F7
74
08
31
F5
BA
DE
55
B4
90
3F
08
#T
FC
16
F8
0A
C3
79
6D
E4
4F
53
03
A2
D4
E7
4E
61
#C
7F
40
AA
2D
37
E7
08
63
F5
BA
DE
55
B4
10
3F
88
#T
C4
45
A4
7D
15
D2
CD
8D
2F
EC
D1
81
22
E3
22
D8
