#P
00
#T
9D
53
73
4B
F5
52
0B
9D
C1
C3
42
9D
CA
75
23
53
#P
00
#T
16
8A
93
CC
16
1F
B2
28
F5
04
76
CC
64
74
52
26
#P
00
#T
84
6C
87
1E
BA
93
0C
AF
59
19
71
6B
7C
73
7C
66
#P
00
#T
D8
F7
96
0A
69
97
FE
6C
50
E2
CF
02
58
36
D0
F2
#P
00
#T
38
AE
D4
A0
0D
9D
72
4B
CF
1E
DA
7A
01
2C
42
52
#P
00
#T
52
A4
E5
5B
28
E2
FE
79
EA
41
B3
D1
E8
9E
08
3B
#P
00
#T
E5
3D
F2
7E
E8
EC
02
AC
82
ED
44
7C
5E
92
09
A9
#P
00
#T
55
F2
47
A2
F4
CC
C2
01
84
EC
B1
8F
7C
4F
24
A4
#P
00
#T
C8
9F
41
06
DC
46
FA
7F
DE
45
01
AB
FF
1F
12
95
#P
00
#T
3E
2B
B5
17
23
EE
77
FE
48
29
C5
3C
63
18
F9
5E
#P
00
#T
DA
CD
E7
DD
A6
AC
05
F6
45
8E
84
71
8A
9C
28
57
#P
00
#T
1B
FB
F4
0C
D6
90
45
6B
3D
89
EC
8E
4A
93
ED
86
#P
00
#T
05
15
03
70
B5
4F
F4
3E
B9
B9
62
A8
AA
3D
6B
2A
#P
00
#T
36
65
4D
B5
FE
8E
CA
28
5F
7A
DE
38
C5
77
8D
95
#P
00
#T
45
3D
BE
94
D9
7F
47
76
04
24
97
46
33
91
27
9E
#P
00
#T
14
D3
02
AA
65
C1
EE
00
80
5D
25
48
87
55
4A
CE
#P
00
01
#T
53
63
51
F6
C3
0F
58
A5
15
D2
E7
68
A5
8E
0A
DC
#P
00
01
#T
F8
BC
DA
8B
7C
09
3F
8D
0B
0F
16
03
1A
0C
5A
CA
#P
00
01
#T
C0
C8
0B
47
65
33
C3
1D
9C
F4
9D
66
BF
EC
C2
CC
#P
00
01
#T
F1
16
AC
97
B7
47
EF
99
25
E4
89
14
34
C5
7F
64
#P
00
01
#T
6E
59
BA
C0
4A
7F
D8
BF
B6
23
EA
09
A3
13
F6
74
#P
00
01
#T
8A
D6
10
FE
1B
3C
06
35
A4
E8
C2
21
EE
D4
05
60
#P
00
01
#T
42
DC
F9
55
20
29
8D
54
DB
34
92
C2
50
58
32
5F
#P
00
01
#T
24
D2
AB
8D
CC
0F
BA
59
37
DB
13
DA
3F
B5
39
E8
#P
00
01
#T
8F
BD
57
DF
35
B8
A4
63
EC
E4
25
7F
DD
F6
54
03
#P
00
01
#T
FE
9A
3C
4C
E6
C3
AA
23
FB
45
AB
8F
BA
FE
8B
73
#P
00
01
#T
D9
11
33
A2
F3
09
98
CF
E4
5A
12
75
CB
87
63
D1
#P
00
01
#T
C9
64
38
25
84
FB
69
68
B3
BF
D0
AF
01
C0
B6
1B
#P
00
01
#T
8D
C2
01
F8
11
8E
7A
5C
02
51
E2
08
F0
1B
29
4D
#P
00
01
#T
C5
0D
8F
CB
F5
45
61
C7
82
5C
9F
CB
8D
A3
91
0B
#P
00
01
#T
E4
67
48
F0
C5
74
F7
6A
F5
6D
EF
66
B4
CD
BE
AA
#P
00
01
#T
50
E5
FD
78
0A
89
B4
C4
FD
8C
CD
18
F5
CB
A9
97
#P
00
01
02
#T
C4
F5
4D
6E
E7
22
B2
18
A9
A5
A3
BE
68
19
E2
99
#P
00
01
02
#T
57
BA
06
98
B3
01
33
43
2B
CF
86
CB
4D
6D
B4
A2
#P
00
01
02
#T
CF
4E
5B
27
ED
60
73
AF
22
24
DB
3E
CA
4F
95
F9
#P
00
01
02
#T
A7
14
34
42
F2
BC
F6
CC
A6
3A
55
AC
E0
09
13
0B
#P
00
01
02
#T
12
C4
C6
0B
D8
85
E3
32
EC
0D
78
53
3B
30
8D
84
#P
00
01
02
#T
04
55
8A
BD
25
F3
1D
DE
1C
50
E8
D0
24
5A
BD
14
#P
00
01
02
#T
74
C7
20
8F
92
17
59
3E
E2
10
A2
86
E1
83
A2
55
#P
00
01
02
#T
0A
54
2E
AA
72
54
8D
E5
3C
F6
46
89
6A
A0
A7
49
#P
00
01
02
#T
3D
59
EA
3B
23
F8
9B
44
9B
7C
96
93
F9
90
6B
92
#P
00
01
02
#T
69
34
BE
2A
F4
76
94
A8
E8
E8
AC
A1
F0
84
40
47
#P
00
01
02
#T
31
1C
F8
5D
CF
A4
B0
48
DF
66
FA
B4
A5
CB
A7
6C
#P
00
01
02
#T
88
BB
E0
EF
D1
DC
3F
C3
BE
67
93
FF
95
33
55
B4
#P
00
01
02
#T
6D
93
3C
C6
82
C0
B0
F5
1F
D3
73
71
0B
5B
31
BC
#P
00
01
02
#T
5A
1D
45
3D
C0
6F
AB
72
21
F3
ED
62
13
5C
CB
36
#P
00
01
02
#T
BB
D7
64
BE
59
38
01
04
40
EC
17
BE
72
4E
DA
26
#P
00
01
02
#T
28
65
B1
67
43
DF
D0
14
63
69
C7
D8
88
A3
B0
1F
#P
00
01
02
03
#T
B7
77
C7
A5
E1
45
6B
91
15
E2
CA
C7
AC
7D
7C
21
#P
00
01
02
03
#T
8D
CF
A2
39
81
EF
0D
97
60
D8
6C
B0
85
F6
DA
62
#P
00
01
02
03
#T
B5
91
2A
62
F6
A0
FD
F1
CD
F5
55
A8
92
34
58
0B
#P
00
01
02
03
#T
52
DA
FA
AF
69
80
F7
BA
EE
DC
02
D0
CE
F6
DF
5B
#P
00
01
02
03
#T
19
C6
39
6F
24
D1
8D
D0
2E
D4
93
BD
E1
DC
18
4C
#P
00
01
02
03
#T
19
A9
96
E7
66
49
60
2B
5B
EE
63
6D
7A
B6
D0
59
#P
00
01
02
03
#T
2A
8B
65
77
F0
4B
99
3B
34
A4
16
4F
0D
FA
36
98
#P
00
01
02
03
#T
10
F6
47
1E
B1
19
7B
CB
A4
B5
B3
E0
F2
FB
FB
6B
#P
00
01
02
03
#T
E1
84
7B
90
57
DF
E8
3D
E4
D7
75
7B
09
E2
F5
20
#P
00
01
02
03
#T
E0
2E
2D
C9
37
5F
C3
40
E2
76
73
34
FE
88
4F
89
#P
00
01
02
03
#T
21
AF
41
1A
D7
69
A7
DD
55
E1
A5
1F
D7
5D
F6
C2
#P
00
01
02
03
#T
88
D5
84
5E
FA
99
CE
67
A8
15
82
56
44
93
E2
28
#P
00
01
02
03
#T
64
56
71
F8
2A
08
F7
E6
85
B0
27
22
2A
81
85
4B
#P
00
01
02
03
#T
46
B8
A4
4A
F6
B3
B3
0C
56
F9
0C
93
50
80
F3
2E
#P
00
01
02
03
#T
42
B7
E1
BC
79
1B
7D
ED
4B
25
43
81
E2
50
BB
EF
#P
00
01
02
03
#T
89
DB
5C
0D
2B
4E
12
89
E4
60
A9
09
52
68
5F
DE
#P
00
01
02
03
04
#T
DF
9B
32
67
02
68
CB
8C
B3
71
46
DB
87
9A
ED
65
#P
00
01
02
03
04
#T
4D
0E
1E
1A
8F
52
4E
35
E7
8F
C1
DA
E0
F5
3D
29
#P
00
01
02
03
04
#T
0D
2E
04
D6
3F
E2
D5
8C
9F
EE
87
A3
47
1D
48
4F
#P
00
01
02
03
04
#T
6D
AF
83
D8
E1
10
30
60
6A
74
19
12
18
64
A7
00
#P
00
01
02
03
04
#T
CD
61
D2
EB
EE
CF
A5
03
D8
FB
05
E9
C8
85
C6
0B
#P
00
01
02
03
04
#T
06
85
61
DB
4E
CC
F7
00
31
CE
EB
43
AE
CB
5F
C9
#P
00
01
02
03
04
#T
1C
D6
51
A9
D7
A8
F8
36
76
B3
B8
88
C7
57
6F
DC
#P
00
01
02
03
04
#T
3D
DD
76
26
98
DC
93
96
23
F3
12
9A
82
76
8A
3D
#P
00
01
02
03
04
#T
09
20
7C
A1
90
50
29
D7
3E
03
B1
4D
B2
74
F2
8A
#P
00
01
02
03
04
#T
ED
C3
CA
C8
B1
C2
73
F1
77
4D
F7
45
48
85
A9
96
#P
00
01
02
03
04
#T
B5
0C
6E
C6
17
1D
E1
A0
CD
E6
AB
2B
03
DF
81
ED
#P
00
01
02
03
04
#T
20
65
DF
94
D6
67
A6
80
EE
76
3F
29
6C
1C
54
56
#P
00
01
02
03
04
#T
8F
50
10
93
A5
02
95
5F
23
8F
3C
13
3D
BB
C1
95
#P
00
01
02
03
04
#T
CD
C5
24
3D
F6
A4
B6
E8
90
CF
D7
BB
88
9B
FA
50
#P
00
01
02
03
04
#T
CD
94
2D
C8
4E
D4
9A
0D
17
4C
80
6E
8D
90
2B
04
#P
00
01
02
03
04
#T
A4
ED
32
86
E8
46
F6
A1
E3
88
50
38
5B
F3
44
1B
#P
00
01
02
03
04
05
#T
B7
9F
88
25
E8
BC
20
5B
EB
83
69
A7
6D
3F
CE
79
#P
00
01
02
03
04
05
#T
C2
23
5F
CF
E6
AC
51
3E
05
C5
BF
11
76
92
F1
CE
#P
00
01
02
03
04
05
#T
08
1A
27
1D
CF
02
70
1E
18
7E
DE
95
AC
74
F9
20
#P
00
01
02
03
04
05
#T
68
8C
E4
7F
69
4A
C7
AE
2E
06
95
9D
E2
EF
B8
F0
#P
00
01
02
03
04
05
#T
F4
A9
69
A6
B1
E6
D3
94
A7
C0
AC
B9
E6
43
FC
C1
#P
00
01
02
03
04
05
#T
68
49
3F
09
16
E8
D9
F0
55
05
E1
6A
EA
23
0A
33
#P
00
01
02
03
04
05
#T
EB
CE
48
4A
1E
DA
6D
70
F3
AE
CE
6C
C1
D5
4D
AC
#P
00
01
02
03
04
05
#T
D4
FE
B7
2E
8C
1C
06
6B
DF
F7
F6
30
35
EF
28
66
#P
00
01
02
03
04
05
#T
48
3D
7C
E0
BD
6A
84
1B
C4
A9
0E
1F
30
A8
36
5A
#P
00
01
02
03
04
05
#T
B6
5F
CC
F4
6A
56
2A
0B
64
4C
7D
E3
3D
7D
3E
9C
#P
00
01
02
03
04
05
#T
8A
D9
E1
12
03
DA
CA
64
E8
A0
2A
52
E7
79
58
C6
#P
00
01
02
03
04
05
#T
78
9F
21
DB
6F
E9
E3
A9
52
5D
E0
71
BD
22
A4
5F
#P
00
01
02
03
04
05
#T
4D
3A
D6
1A
F6
AD
78
AE
26
F0
48
46
E2
5E
E8
5D
#P
00
01
02
03
04
05
#T
5F
B0
9D
02
80
4D
F5
BE
05
AD
D2
07
B6
ED
E5
E9
#P
00
01
02
03
04
05
#T
83
10
E0
2A
80
DF
04
02
59
FE
58
6B
51
AA
B6
47
#P
00
01
02
03
04
05
#T
6B
01
84
37
7D
DC
6B
D7
36
3C
65
0F
AA
62
61
87
#P
00
01
02
03
04
05
06
#T
C8
01
49
47
BD
09
1C
D1
59
0B
DD
D9
88
5C
FC
1E
#P
00
01
02
03
04
05
06
#T
F5
62
3E
AA
BB
A2
BE
EF
B8
D3
D4
AA
6D
F7
77
00
#P
00
01
02
03
04
05
06
#T
66
40
EA
6B
82
97
04
B8
09
C3
25
9E
15
5F
2C
52
#P
00
01
02
03
04
05
06
#T
14
A4
BB
41
66
B5
7F
37
E9
2C
91
54
15
34
17
70
#P
00
01
02
03
04
05
06
#T
05
1D
AF
C8
35
4C
C1
21
A8
74
B0
65
88
26
75
64
#P
00
01
02
03
04
05
06
#T
F6
3E
F8
3D
CE
B4
64
6C
E7
74
C2
52
7A
B6
58
39
#P
00
01
02
03
04
05
06
#T
26
68
FB
E9
A6
7D
52
CE
D5
BD
28
4F
46
C6
43
D1
#P
00
01
02
03
04
05
06
#T
6F
A4
C1
12
18
98
89
C7
9B
BC
C7
F1
4A
5E
2F
F7
#P
00
01
02
03
04
05
06
#T
DD
D9
4D
26
C8
98
12
75
BC
C7
87
2C
99
5A
61
A1
#P
00
01
02
03
04
05
06
#T
B5
33
98
73
AD
ED
76
6B
B1
65
84
60
82
6C
F1
59
#P
00
01
02
03
04
05
06
#T
97
2E
29
5C
81
74
C8
A9
02
36
79
53
EF
DC
CD
E6
#P
00
01
02
03
04
05
06
#T
93
22
0F
06
CA
EB
5C
7F
8D
D9
6B
E8
0C
BB
86
76
#P
00
01
02
03
04
05
06
#T
81
1B
47
7A
93
F9
CD
8D
59
49
60
3E
4B
6E
00
9B
#P
00
01
02
03
04
05
06
#T
AB
06
08
E2
BA
FE
4A
1F
07
9D
27
CF
7F
A0
02
57
#P
00
01
02
03
04
05
06
#T
9D
BC
7A
5A
B5
64
58
B4
F3
80
6A
5C
5F
EF
72
15
#P
00
01
02
03
04
05
06
#T
18
1A
39
B5
84
A9
8D
4D
69
EA
7B
87
8C
91
2C
9B
#P
00
01
02
03
04
05
06
07
#T
A8
AB
75
3E
DF
E5
B4
F4
3B
26
98
AD
21
3C
61
91
#P
00
01
02
03
04
05
06
07
#T
E6
95
D1
08
B9
79
BF
E4
E7
CB
25
6C
25
8D
3C
23
#P
00
01
02
03
04
05
06
07
#T
6E
91
1C
B9
B2
B2
96
2F
53
75
0E
62
A0
25
23
D7
#P
00
01
02
03
04
05
06
07
#T
AD
8C
2D
66
75
02
F9
A8
C6
F4
32
24
BA
F9
C9
3E
#P
00
01
02
03
04
05
06
07
#T
E0
3A
C9
59
24
90
BB
71
30
3F
55
8E
B3
09
F9
E3
#P
00
01
02
03
04
05
06
07
#T
BA
DE
40
57
C1
EB
90
42
C6
D5
DE
83
82
31
EC
AB
#P
00
01
02
03
04
05
06
07
#T
58
F8
55
9B
E6
2A
FF
ED
09
8A
1F
65
E3
2C
35
B7
#P
00
01
02
03
04
05
06
07
#T
52
72
7A
FC
B2
A3
CA
40
E6
2F
BC
87
51
44
D1
41
#P
00
01
02
03
04
05
06
07
#T
9A
20
16
E6
65
FF
3B
69
D3
63
28
83
48
28
4B
85
#P
00
01
02
03
04
05
06
07
#T
2C
13
0F
75
4B
D7
B1
35
16
4D
5B
C5
F1
F1
C7
1F
#P
00
01
02
03
04
05
06
07
#T
52
DD
89
4E
A6
F8
7D
66
8F
CB
B6
B6
A6
4A
B0
FB
#P
00
01
02
03
04
05
06
07
#T
3D
9E
E1
94
98
45
AA
25
48
77
5B
E1
F7
AF
2A
85
#P
00
01
02
03
04
05
06
07
#T
BD
39
C5
F6
D8
AF
8A
69
B1
07
EB
B8
30
33
2A
95
#P
00
01
02
03
04
05
06
07
#T
D5
A0
5E
2E
89
8A
A9
73
03
37
25
8D
BA
E2
AD
3E
#P
00
01
02
03
04
05
06
07
#T
E6
38
F9
D6
EA
1F
17
86
02
21
6C
87
BC
7E
C8
BA
#P
00
01
02
03
04
05
06
07
#T
00
4E
55
5E
A4
0D
0E
74
45
15
AC
A4
09
6E
F9
3A
#P
00
01
02
03
04
05
06
07
08
#T
FD
33
7F
F3
C4
67
9E
51
C5
07
7E
15
3E
D4
72
07
#P
00
01
02
03
04
05
06
07
08
#T
8F
37
D7
1C
DF
F7
6F
0E
C0
DD
53
76
8F
1F
C1
23
#P
00
01
02
03
04
05
06
07
08
#T
37
12
C3
AA
0D
20
64
6D
16
52
F5
8B
5D
47
8C
AD
#P
00
01
02
03
04
05
06
07
08
#T
FA
74
57
F4
EE
7D
98
B9
77
FC
C7
7F
68
73
A7
78
#P
00
01
02
03
04
05
06
07
08
#T
93
3F
62
B9
21
0A
9D
15
7A
25
D0
77
D3
EB
E1
07
#P
00
01
02
03
04
05
06
07
08
#T
76
50
C0
63
3D
F9
5F
29
D0
72
2D
DC
BD
43
6D
5C
#P
00
01
02
03
04
05
06
07
08
#T
C1
2D
19
68
C6
AF
0B
D4
97
2C
23
AA
E5
DC
D0
27
#P
00
01
02
03
04
05
06
07
08
#T
D7
AB
1C
5E
15
D9
47
A3
C9
CB
2D
21
96
94
77
EB
#P
00
01
02
03
04
05
06
07
08
#T
A2
96
E9
22
9A
DE
3B
B2
5F
3F
D9
D0
FF
F4
60
D8
#P
00
01
02
03
04
05
06
07
08
#T
0E
73
68
98
75
1A
81
69
48
69
4A
A7
22
84
DF
39
#P
00
01
02
03
04
05
06
07
08
#T
49
1B
67
F5
85
62
7C
8C
04
76
FC
4D
BF
DA
A6
81
#P
00
01
02
03
04
05
06
07
08
#T
78
F5
7E
94
F9
CB
F6
ED
D9
28
64
7F
A7
57
80
03
#P
00
01
02
03
04
05
06
07
08
#T
19
D7
47
0D
89
A3
EB
6A
80
5F
D7
0E
D4
90
3F
B1
#P
00
01
02
03
04
05
06
07
08
#T
C6
26
A6
3A
3F
7A
99
40
E3
9B
D5
64
0F
F4
7A
72
#P
00
01
02
03
04
05
06
07
08
#T
C6
DA
D6
96
29
51
5D
62
C2
DA
9C
72
69
8D
89
57
#P
00
01
02
03
04
05
06
07
08
#T
3E
20
AE
FC
11
5E
77
8D
A7
75
D2
B8
D4
D5
7F
C3
#P
00
01
02
03
04
05
06
07
08
09
#T
49
85
C7
99
0B
A5
06
78
B6
97
1C
7B
54
6C
D0
22
#P
00
01
02
03
04
05
06
07
08
09
#T
9E
10
2B
BA
F4
94
9A
80
DD
81
BD
C2
9B
6E
AB
DC
#P
00
01
02
03
04
05
06
07
08
09
#T
E6
5F
75
DD
DA
50
31
49
F5
FC
DA
AB
1B
45
4C
50
#P
00
01
02
03
04
05
06
07
08
09
#T
3F
05
26
48
CD
BB
BC
28
50
80
15
B8
B4
17
8A
8E
#P
00
01
02
03
04
05
06
07
08
09
#T
79
8A
42
E2
D2
29
DC
3D
88
57
8E
8E
78
60
86
22
#P
00
01
02
03
04
05
06
07
08
09
#T
EB
8B
5B
05
5C
31
CD
00
4B
C7
8D
5B
A6
F5
A7
04
#P
00
01
02
03
04
05
06
07
08
09
#T
BC
22
C7
0C
1E
89
D9
EB
7B
58
EE
D8
88
C8
5B
1F
#P
00
01
02
03
04
05
06
07
08
09
#T
1B
C4
C7
31
8C
92
09
43
EE
E6
6E
AE
7A
54
C5
F2
#P
00
01
02
03
04
05
06
07
08
09
#T
9A
53
BF
0C
D9
05
F4
00
45
31
72
EB
3F
CD
A8
96
#P
00
01
02
03
04
05
06
07
08
09
#T
76
ED
1E
3E
52
E7
A6
0B
46
F0
37
1A
52
47
64
00
#P
00
01
02
03
04
05
06
07
08
09
#T
8E
E6
3A
E1
83
67
F9
0B
0E
90
C6
87
4A
70
9A
91
#P
00
01
02
03
04
05
06
07
08
09
#T
26
6A
4B
63
FF
0B
2D
56
77
FA
CA
0B
1E
01
CB
36
#P
00
01
02
03
04
05
06
07
08
09
#T
B9
D4
58
1B
4B
89
21
B8
A9
D8
1A
FA
81
BB
69
EC
#P
00
01
02
03
04
05
06
07
08
09
#T
18
BA
F0
3C
E9
B1
D7
F3
9A
59
52
B6
86
4A
CF
57
#P
00
01
02
03
04
05
06
07
08
09
#T
EE
C3
F8
CC
E3
AD
FC
AC
28
E6
84
9F
FA
A4
D7
42
#P
00
01
02
03
04
05
06
07
08
09
#T
F7
30
19
23
6E
9B
F3
4E
AA
1B
94
33
CC
5E
53
1E
#P
00
01
02
03
04
05
06
07
08
09
0A
#T
54
81
03
35
98
62
76
91
4C
06
5E
42
69
8A
C1
B5
#P
00
01
02
03
04
05
06
07
08
09
0A
#T
CD
4B
0A
B3
60
0B
23
A6
DF
48
B1
85
96
C0
98
57
#P
00
01
02
03
04
05
06
07
08
09
0A
#T
93
59
CC
40
7F
7C
EE
08
E7
18
F7
AD
29
70
4E
63
#P
00
01
02
03
04
05
06
07
08
09
0A
#T
05
72
E3
65
59
FD
5A
13
36
50
A7
87
8F
3C
99
08
#P
00
01
02
03
04
05
06
07
08
09
0A
#T
D6
DF
46
2E
4F
C7
6F
41
70
C2
56
85
F0
ED
8D
15
#P
00
01
02
03
04
05
06
07
08
09
0A
#T
7D
C6
21
F3
44
F9
65
3F
CE
D6
36
E6
F4
30
4B
AE
#P
00
01
02
03
04
05
06
07
08
09
0A
#T
DF
30
83
18
B6
F6
B7
80
4C
75
B4
2E
0C
FE
A6
EA
#P
00
01
02
03
04
05
06
07
08
09
0A
#T
28
53
E1
E3
BD
14
86
9B
D4
FD
94
6F
B9
F8
1E
AC
#P
00
01
02
03
04
05
06
07
08
09
0A
#T
95
81
F0
20
41
D8
FC
DB
45
99
0C
8D
85
13
B5
E1
#P
00
01
02
03
04
05
06
07
08
09
0A
#T
3A
A8
DF
CF
0F
B0
CF
EA
13
60
6F
61
2F
52
CA
87
#P
00
01
02
03
04
05
06
07
08
09
0A
#T
94
43
A4
F9
A6
AF
F1
05
3C
67
6B
BC
D0
22
8C
0D
#P
00
01
02
03
04
05
06
07
08
09
0A
#T
7A
45
F4
9B
FC
45
AA
F2
34
FF
1E
3F
C5
28
F2
F7
#P
00
01
02
03
04
05
06
07
08
09
0A
#T
F2
AC
18
4A
7A
21
43
DD
AE
83
AD
10
02
F8
F6
0C
#P
00
01
02
03
04
05
06
07
08
09
0A
#T
E6
FC
03
DA
15
C3
23
97
24
39
18
C8
E8
F3
EC
8D
#P
00
01
02
03
04
05
06
07
08
09
0A
#T
92
83
0A
00
20
5D
A8
10
1F
7B
B0
37
94
99
52
0B
#P
00
01
02
03
04
05
06
07
08
09
0A
#T
9C
70
29
54
9F
9D
41
CD
83
7C
43
F4
D8
E7
80
0C
#P
00
01
02
03
04
05
06
07
08
09
0A
0B
#T
73
06
3A
7A
E4
EF
AA
CC
39
E8
B7
2D
03
DE
31
60
#P
00
01
02
03
04
05
06
07
08
09
0A
0B
#T
0A
F1
C5
3D
25
61
5A
41
30
18
40
BE
5D
3D
B5
BD
#P
00
01
02
03
04
05
06
07
08
09
0A
0B
#T
C8
34
3B
23
60
30
A1
F1
1A
F0
30
B9
84
44
D3
F7
#P
00
01
02
03
04
05
06
07
08
09
0A
0B
#T
C5
40
BD
89
75
05
5E
45
9D
29
1E
71
B0
92
B6
34
#P
00
01
02
03
04
05
06
07
08
09
0A
0B
#T
A9
8A
10
04
65
94
2C
73
41
77
15
AC
01
6B
B4
72
#P
00
01
02
03
04
05
06
07
08
09
0A
0B
#T
29
50
D1
6D
D3
77
AB
94
1B
CC
8C
A3
AF
C7
83
0F
#P
00
01
02
03
04
05
06
07
08
09
0A
0B
#T
AD
D0
6E
0B
3F
AD
75
DA
94
51
23
99
07
69
C9
5C
#P
00
01
02
03
04
05
06
07
08
09
0A
0B
#T
F0
4D
5C
20
D1
D2
9E
3B
E2
8B
4A
93
AD
FE
65
66
#P
00
01
02
03
04
05
06
07
08
09
0A
0B
#T
63
74
C2
2A
24
39
72
C4
B0
63
C0
2C
76
62
6B
95
#P
00
01
02
03
04
05
06
07
08
09
0A
0B
#T
F2
B8
8B
48
67
38
6E
81
EE
FE
B4
97
CC
40
95
8E
#P
00
01
02
03
04
05
06
07
08
09
0A
0B
#T
DE
7C
1B
77
8D
8E
55
4C
4B
28
4A
09
61
DC
48
91
#P
00
01
02
03
04
05
06
07
08
09
0A
0B
#T
5C
76
B7
35
A3
EF
6F
58
16
D2
80
1D
D2
91
75
B5
#P
00
01
02
03
04
05
06
07
08
09
0A
0B
#T
7F
48
14
BA
23
E4
86
56
C5
A8
8B
FE
2D
5E
B4
43
#P
00
01
02
03
04
05
06
07
08
09
0A
0B
#T
2C
39
B6
2D
62
20
F1
CD
C7
AD
51
DF
CA
B1
39
78
#P
00
01
02
03
04
05
06
07
08
09
0A
0B
#T
16
3C
F4
46
90
C1
0A
61
98
FD
65
31
E7
BA
FF
B3
#P
00
01
02
03
04
05
06
07
08
09
0A
0B
#T
DB
C1
29
F4
88
3E
2A
59
FA
F3
8B
84
CA
68
16
96
#P
00
01
02
03
04
05
06
07
08
09
0A
0B
0C
#T
E0
04
2C
52
73
71
4A
BC
03
74
B5
92
8E
8B
1C
1C
#P
00
01
02
03
04
05
06
07
08
09
0A
0B
0C
#T
9E
59
C6
CF
FA
6A
17
D9
AE
99
28
63
EA
B0
F9
4E
#P
00
01
02
03
04
05
06
07
08
09
0A
0B
0C
#T
A5
E7
64
65
0F
BC
75
1C
9C
CD
E2
FB
41
C4
A9
69
#P
00
01
02
03
04
05
06
07
08
09
0A
0B
0C
#T
0F
CE
D2
88
B9
DB
BC
5C
E8
DB
9D
22
DE
A8
98
F0
#P
00
01
02
03
04
05
06
07
08
09
0A
0B
0C
#T
58
95
1B
DE
3F
9C
F2
F0
D7
20
9C
DB
2D
E3
41
76
#P
00
01
02
03
04
05
06
07
08
09
0A
0B
0C
#T
87
92
94
C2
25
28
75
0E
32
F9
BB
8C
7F
3E
67
97
#P
00
01
02
03
04
05
06
07
08
09
0A
0B
0C
#T
A9
55
8F
CB
E3
49
94
19
4C
5E
EA
F9
0A
18
89
4C
#P
00
01
02
03
04
05
06
07
08
09
0A
0B
0C
#T
45
1D
00
33
0B
06
6F
CE
EE
9C
65
83
78
15
07
4F
#P
00
01
02
03
04
05
06
07
08
09
0A
0B
0C
#T
94
67
B8
A7
EA
DC
B3
7E
45
60
F7
8C
B2
F7
0E
21
#P
00
01
02
03
04
05
06
07
08
09
0A
0B
0C
#T
E2
35
9A
1D
C1
C8
D6
70
AE
D9
A0
05
18
B8
0F
87
#P
00
01
02
03
04
05
06
07
08
09
0A
0B
0C
#T
85
34
D2
95
8F
4E
4D
8D
C3
D4
A8
17
2E
FF
11
FA
#P
00
01
02
03
04
05
06
07
08
09
0A
0B
0C
#T
4B
E3
24
23
E4
EC
79
E2
DD
34
1C
EF
F3
F2
02
B7
#P
00
01
02
03
04
05
06
07
08
09
0A
0B
0C
#T
EB
77
D0
63
55
3F
10
D3
A5
94
75
32
F8
BD
CD
08
#P
00
01
02
03
04
05
06
07
08
09
0A
0B
0C
#T
22
69
FC
C6
E3
2E
DE
34
D2
78
11
BE
B0
B0
D3
09
#P
00
01
02
03
04
05
06
07
08
09
0A
0B
0C
#T
4D
54
5C
39
20
BB
BF
59
26
09
18
C2
3A
E8
BB
3C
#P
00
01
02
03
04
05
06
07
08
09
0A
0B
0C
#T
98
0A
BB
4D
0A
48
B4
5C
4A
63
30
06
E1
93
34
EC
#P
00
01
02
03
04
05
06
07
08
09
0A
0B
0C
0D
#T
48
C3
62
21
52
9F
F7
8C
1A
A7
E8
B5
DC
43
2F
5B
#P
00
01
02
03
04
05
06
07
08
09
0A
0B
0C
0D
#T
44
13
8D
45
5E
91
43
90
F0
57
E1
BF
A1
B9
BD
D5
#P
00
01
02
03
04
05
06
07
08
09
0A
0B
0C
0D
#T
D1
AA
98
A1
22
D5
70
A9
43
A0
1E
55
B8
94
3D
AA
#P
00
01
02
03
04
05
06
07
08
09
0A
0B
0C
0D
#T
17
62
68
D6
BE
4B
EC
4D
96
81
D7
DF
63
5C
06
2C
#P
00
01
02
03
04
05
06
07
08
09
0A
0B
0C
0D
#T
E9
C2
AC
92
95
92
B8
B0
50
8F
FA
A2
2A
05
AC
6E
#P
00
01
02
03
04
05
06
07
08
09
0A
0B
0C
0D
#T
DC
E0
BD
AF
09
68
26
B6
6F
B0
AC
B3
78
B4
20
E5
#P
00
01
02
03
04
05
06
07
08
09
0A
0B
0C
0D
#T
6A
4C
4A
78
09
F2
8D
B7
72
24
F4
F8
46
4F
73
98
#P
00
01
02
03
04
05
06
07
08
09
0A
0B
0C
0D
#T
E5
FE
2B
41
86
73
EA
C7
BC
08
86
D4
56
03
E7
F3
#P
00
01
02
03
04
05
06
07
08
09
0A
0B
0C
0D
#T
8D
90
C2
67
C5
78
E3
B0
1B
21
56
CD
43
64
4D
3D
#P
00
01
02
03
04
05
06
07
08
09
0A
0B
0C
0D
#T
38
2C
D0
67
75
68
3F
8D
BA
ED
E7
4B
BD
96
FF
50
#P
00
01
02
03
04
05
06
07
08
09
0A
0B
0C
0D
#T
F6
1E
4D
3B
49
89
99
83
EE
52
C8
FD
BD
F2
87
CD
#P
00
01
02
03
04
05
06
07
08
09
0A
0B
0C
0D
#T
CF
E3
38
9D
26
42
F2
B2
5D
61
E0
5B
DC
DC
79
7E
#P
00
01
02
03
04
05
06
07
08
09
0A
0B
0C
0D
#T
C6
08
37
7E
F0
3B
2A
24
A7
C2
20
6A
3C
9A
D1
18
#P
00
01
02
03
04
05
06
07
08
09
0A
0B
0C
0D
#T
E5
89
4F
5E
59
04
E4
25
7F
31
88
EA
53
48
BF
0E
#P
00
01
02
03
04
05
06
07
08
09
0A
0B
0C
0D
#T
BC
B2
D2
2C
D5
8A
D9
39
FF
1C
ED
92
3C
C3
85
D6
#P
00
01
02
03
04
05
06
07
08
09
0A
0B
0C
0D
#T
D6
04
4C
EF
90
AE
46
5B
5D
9D
64
6B
CB
EE
C1
F3
#P
00
01
02
03
04
05
06
07
08
09
0A
0B
0C
0D
0E
#T
AB
94
CA
E7
A8
9A
FD
D2
C1
49
D8
2A
80
FB
41
8D
#P
00
01
02
03
04
05
06
07
08
09
0A
0B
0C
0D
0E
#T
E7
F9
80
AC
92
00
6E
54
AD
60
DB
42
5B
58
CE
98
#P
00
01
02
03
04
05
06
07
08
09
0A
0B
0C
0D
0E
#T
2C
48
B5
05
79
BF
F0
70
C8
FF
8A
ED
77
E9
C8
65
#P
00
01
02
03
04
05
06
07
08
09
0A
0B
0C
0D
0E
#T
05
77
ED
50
95
E9
E9
D2
5C
B1
33
E9
81
D9
F8
F1
#P
00
01
02
03
04
05
06
07
08
09
0A
0B
0C
0D
0E
#T
24
16
46
BE
76
73
2E
35
9D
58
15
73
79
73
00
7E
#P
00
01
02
03
04
05
06
07
08
09
0A
0B
0C
0D
0E
#T
A9
97
4C
5A
59
A2
8B
E2
67
F7
00
C0
B1
F6
F1
89
#P
00
01
02
03
04
05
06
07
08
09
0A
0B
0C
0D
0E
#T
12
22
B1
51
68
8B
DE
E8
E6
6E
73
51
32
1E
5C
E2
#P
00
01
02
03
04
05
06
07
08
09
0A
0B
0C
0D
0E
#T
E4
9F
4F
2C
A2
27
E2
7B
B4
0C
DF
C0
F2
3F
7E
A8
#P
00
01
02
03
04
05
06
07
08
09
0A
0B
0C
0D
0E
#T
C8
C2
15
8F
C5
41
19
35
06
14
DF
5C
66
07
36
59
#P
00
01
02
03
04
05
06
07
08
09
0A
0B
0C
0D
0E
#T
5E
A2
86
00
E6
82
55
0E
46
14
47
85
89
43
1F
66
#P
00
01
02
03
04
05
06
07
08
09
0A
0B
0C
0D
0E
#T
8C
03
FC
E0
69
A2
41
7F
44
A7
53
EF
64
84
76
79
#P
00
01
02
03
04
05
06
07
08
09
0A
0B
0C
0D
0E
#T
9E
A8
8C
67
12
91
9D
2E
F5
61
59
55
32
BC
BA
B0
#P
00
01
02
03
04
05
06
07
08
09
0A
0B
0C
0D
0E
#T
87
FD
43
12
24
42
A1
3F
4B
0B
9D
EC
E0
1D
DE
8E
#P
00
01
02
03
04
05
06
07
08
09
0A
0B
0C
0D
0E
#T
48
60
C6
28
A4
35
DB
87
3E
1A
1A
DB
C0
98
CE
40
#P
00
01
02
03
04
05
06
07
08
09
0A
0B
0C
0D
0E
#T
76
C0
1D
C4
30
55
CF
1B
4B
58
2F
9D
A4
D8
36
3C
#P
00
01
02
03
04
05
06
07
08
09
0A
0B
0C
0D
0E
#T
ED
5F
42
0F
30
34
00
60
FE
E9
51
D0
48
1C
C1
84
#P
00
01
02
03
04
05
06
07
08
09
0A
0B
0C
0D
0E
0F
#T
AA
D5
1D
7E
C3
AA
64
5E
D9
04
42
24
00
36
1A
3B
#P
00
01
02
03
04
05
06
07
08
09
0A
0B
0C
0D
0E
0F
#T
14
48
A5
D0
21
7C
60
B0
0C
DC
F4
12
8D
76
23
74
#P
00
01
02
03
04
05
06
07
08
09
0A
0B
0C
0D
0E
0F
#T
B5
EF
C3
C7
F4
DE
92
B9
B1
45
C4
B5
C3
BB
BF
ED
#P
00
01
02
03
04
05
06
07
08
09
0A
0B
0C
0D
0E
0F
#T
9C
79
C0
8B
E0
B9
22
8B
1A
86
CD
CC
45
6E
78
B3
#P
00
01
02
03
04
05
06
07
08
09
0A
0B
0C
0D
0E
0F
#T
2A
88
AB
26
08
12
8C
85
16
6F
8C
62
03
87
7F
70
#P
00
01
02
03
04
05
06
07
08
09
0A
0B
0C
0D
0E
0F
#T
E0
CE
CA
A7
3B
B6
91
8E
ED
B1
02
E1
62
BD
C2
62
#P
00
01
02
03
04
05
06
07
08
09
0A
0B
0C
0D
0E
0F
#T
4E
D2
2A
60
A3
F7
83
43
E9
0A
F7
E9
93
AF
3E
A4
#P
00
01
02
03
04
05
06
07
08
09
0A
0B
0C
0D
0E
0F
#T
24
7B
24
4D
ED
47
BE
73
0D
D8
F8
68
BB
B8
36
0B
#P
00
01
02
03
04
05
06
07
08
09
0A
0B
0C
0D
0E
0F
#T
97
12
6E
02
8A
5F
25
C0
74
90
5D
18
30
33
0F
2D
#P
00
01
02
03
04
05
06
07
08
09
0A
0B
0C
0D
0E
0F
#T
F8
CC
9F
D6
2E
A4
04
3D
33
70
43
E3
5C
AA
83
6A
#P
00
01
02
03
04
05
06
07
08
09
0A
0B
0C
0D
0E
0F
#T
B5
1D
BF
C8
C1
99
C5
30
24
36
82
82
6F
89
09
F8
#P
00
01
02
03
04
05
06
07
08
09
0A
0B
0C
0D
0E
0F
#T
B6
69
DD
C9
90
27
EE
C9
31
31
E6
4C
C4
BB
F9
DC
#P
00
01
02
03
04
05
06
07
08
09
0A
0B
0C
0D
0E
0F
#T
5E
AC
20
92
F3
B8
17
8E
92
18
83
1D
CB
BC
53
90
#P
00
01
02
03
04
05
06
07
08
09
0A
0B
0C
0D
0E
0F
#T
C4
BF
80
EB
16
41
4F
3A
BB
2D
36
91
FC
A0
B0
4C
#P
00
01
02
03
04
05
06
07
08
09
0A
0B
0C
0D
0E
0F
#T
6A
F5
98
C1
E9
49
EE
E6
F8
9E
65
A5
AF
C6
0C
91
#P
00
01
02
03
04
05
06
07
08
09
0A
0B
0C
0D
0E
0F
#T
62
D7
3C
BB
03
F4
65
80
D3
15
D0
2E
A2
BA
99
7D
